{
  "seleniumLog": [
    {
      "commandName": "get",
      "args": [
        "[https://demo.opencart.com/]"
      ],
      "result": "success",
      "subLogs": [
        {
          "commandName": "get",
          "args": [
            "{url=https://demo.opencart.com/}"
          ],
          "result": "null",
          "subLogs": [],
          "duration": 3543
        }
      ],
      "duration": -1
    },
    {
      "commandName": "maximizeCurrentWindow",
      "args": [
        "{}"
      ],
      "result": "{width=1552, x=-8, y=-8, height=840}",
      "subLogs": [],
      "duration": 315
    },
    {
      "commandName": "click",
      "args": [
        "[button.myaccount]"
      ],
      "result": "success",
      "subLogs": [
        {
          "commandName": "findElement",
          "args": [
            "{value=//a[@href='https://demo.opencart.com/index.php?route=account/account'], using=xpath}"
          ],
          "result": "id: 0.2018045453797741-1",
          "subLogs": [],
          "duration": 270
        },
        {
          "commandName": "findElement",
          "args": [
            "By.xpath: //a[@href='https://demo.opencart.com/index.php?route=account/account']",
            "{}"
          ],
          "result": "OK",
          "subLogs": [],
          "duration": -1
        },
        {
          "commandName": "clickElement",
          "args": [
            "By.xpath: //a[@href='https://demo.opencart.com/index.php?route=account/account']",
            "{\"id\":\"0.2018045453797741-1\"}"
          ],
          "result": "clickElement:null",
          "subLogs": [],
          "duration": 340
        }
      ],
      "duration": -1
    },
    {
      "commandName": "click",
      "args": [
        "[button.login]"
      ],
      "result": "success",
      "subLogs": [
        {
          "commandName": "findElement",
          "args": [
            "{value=//a[@href='https://demo.opencart.com/index.php?route=account/login'], using=xpath}"
          ],
          "result": "id: 0.2018045453797741-2",
          "subLogs": [],
          "duration": 34
        },
        {
          "commandName": "findElement",
          "args": [
            "By.xpath: //a[@href='https://demo.opencart.com/index.php?route=account/login']",
            "{}"
          ],
          "result": "OK",
          "subLogs": [],
          "duration": -1
        },
        {
          "commandName": "clickElement",
          "args": [
            "By.xpath: //a[@href='https://demo.opencart.com/index.php?route=account/login']",
            "{\"id\":\"0.2018045453797741-2\"}"
          ],
          "result": "clickElement:null",
          "subLogs": [],
          "duration": 1400
        }
      ],
      "duration": -1
    },
    {
      "commandName": "sendKeys",
      "args": [
        "[umavishwa1995@gmail.com, input.email]"
      ],
      "result": "success",
      "subLogs": [
        {
          "commandName": "findElement",
          "args": [
            "{value=//input[@id='input-email'], using=xpath}"
          ],
          "result": "id: 0.48024177613462116-1",
          "subLogs": [],
          "duration": 30
        },
        {
          "commandName": "findElement",
          "args": [
            "By.xpath: //input[@id='input-email']",
            "{}"
          ],
          "result": "OK",
          "subLogs": [],
          "duration": -1
        },
        {
          "commandName": "sendKeysToElement",
          "args": [
            "By.xpath: //input[@id='input-email']",
            "{\"value\":[\"umavishwa1995@gmail.com\"],\"id\":\"0.48024177613462116-1\"}"
          ],
          "result": "sendKeysToElement:null",
          "subLogs": [],
          "duration": 601
        }
      ],
      "duration": -1
    },
    {
      "commandName": "sendKeys",
      "args": [
        "[Blackberry@123, input.password]"
      ],
      "result": "success",
      "subLogs": [
        {
          "commandName": "findElement",
          "args": [
            "{value=//input[@id='input-password'], using=xpath}"
          ],
          "result": "id: 0.48024177613462116-3",
          "subLogs": [],
          "duration": 15
        },
        {
          "commandName": "findElement",
          "args": [
            "By.xpath: //input[@id='input-password']",
            "{}"
          ],
          "result": "OK",
          "subLogs": [],
          "duration": -1
        },
        {
          "commandName": "sendKeysToElement",
          "args": [
            "By.xpath: //input[@id='input-password']",
            "{\"value\":[\"Blackberry@123\"],\"id\":\"0.48024177613462116-3\"}"
          ],
          "result": "sendKeysToElement:null",
          "subLogs": [],
          "duration": 82
        }
      ],
      "duration": -1
    },
    {
      "commandName": "click",
      "args": [
        "[button.loginsubmit]"
      ],
      "result": "success",
      "subLogs": [
        {
          "commandName": "findElement",
          "args": [
            "{value=//*[@value='Login'], using=xpath}"
          ],
          "result": "id: 0.48024177613462116-4",
          "subLogs": [],
          "duration": 18
        },
        {
          "commandName": "findElement",
          "args": [
            "By.xpath: //*[@value='Login']",
            "{}"
          ],
          "result": "OK",
          "subLogs": [],
          "duration": -1
        },
        {
          "commandName": "clickElement",
          "args": [
            "By.xpath: //*[@value='Login']",
            "{\"id\":\"0.48024177613462116-4\"}"
          ],
          "result": "clickElement:null",
          "subLogs": [],
          "duration": 3106
        }
      ],
      "duration": -1
    },
    {
      "commandName": "sendKeys",
      "args": [
        "[iphone, searchinput]"
      ],
      "result": "fail",
      "subLogs": [
        {
          "commandName": "findElement",
          "args": [
            "{value=//*[@id='search']/input], using=xpath}"
          ],
          "result": "invalid selector: Unable to locate an element with the xpath expression //*[@id='search']/input] because of the following error:\nSyntaxError: Failed to execute 'evaluate' on 'Document': The string '//*[@id='search']/input]' is not a valid XPath expression.\n  (Session info: chrome=91.0.4472.77)\n  (Driver info: chromedriver=91.0.4472.19 (1bf021f248676a0b2ab3ee0561d83a59e424c23e-refs/branch-heads/4472@{#288}),platform=Windows NT 10.0.19042 x86_64) (WARNING: The server did not provide any stacktrace information)\nCommand duration or timeout: 23 milliseconds\nFor documentation on this error, please visit: http://seleniumhq.org/exceptions/invalid_selector_exception.html\nBuild info: version: '3.0.0', revision: '350cf60', time: '2016-10-13 10:48:57 -0700'\nSystem info: host: 'LAPTOP-HKP3MAF8', ip: '192.168.43.169', os.name: 'Windows 10', os.arch: 'amd64', os.version: '10.0', java.version: '15.0.1'\nDriver info: com.qmetry.qaf.automation.ui.webdriver.QAFExtendedWebDriver\nCapabilities [{mobileEmulationEnabled=false, timeouts={implicit=0, pageLoad=300000, script=30000}, hasTouchScreen=false, platform=XP, acceptSslCerts=false, goog:chromeOptions={debuggerAddress=localhost:50407}, acceptInsecureCerts=false, webStorageEnabled=true, browserName=chrome, takesScreenshot=true, javascriptEnabled=true, setWindowRect=true, webauthn:extension:largeBlob=true, unexpectedAlertBehaviour=ignore, applicationCacheEnabled=false, rotatable=false, networkConnectionEnabled=false, chrome={chromedriverVersion=91.0.4472.19 (1bf021f248676a0b2ab3ee0561d83a59e424c23e-refs/branch-heads/4472@{#288}), userDataDir=C:\\Users\\VISHWA~1\\AppData\\Local\\Temp\\scoped_dir7484_1199492405}, takesHeapSnapshot=true, pageLoadStrategy=normal, strictFileInteractability=false, databaseEnabled=false, handlesAlerts=true, version=91.0.4472.77, browserConnectionEnabled=false, proxy={}, nativeEvents=true, locationContextEnabled=true, cssSelectorsEnabled=true, webauthn:virtualAuthenticators=true}]\nSession ID: da0fe18a034759957cbabedcccedaa37\n*** Element info: {Using=xpath, value=//*[@id='search']/input]}",
          "subLogs": [],
          "duration": 25
        },
        {
          "commandName": "findElement",
          "args": [
            "{value=//*[@id='search']/input], using=xpath}"
          ],
          "result": "invalid selector: Unable to locate an element with the xpath expression //*[@id='search']/input] because of the following error:\nSyntaxError: Failed to execute 'evaluate' on 'Document': The string '//*[@id='search']/input]' is not a valid XPath expression.\n  (Session info: chrome=91.0.4472.77)\n  (Driver info: chromedriver=91.0.4472.19 (1bf021f248676a0b2ab3ee0561d83a59e424c23e-refs/branch-heads/4472@{#288}),platform=Windows NT 10.0.19042 x86_64) (WARNING: The server did not provide any stacktrace information)\nCommand duration or timeout: 12 milliseconds\nFor documentation on this error, please visit: http://seleniumhq.org/exceptions/invalid_selector_exception.html\nBuild info: version: '3.0.0', revision: '350cf60', time: '2016-10-13 10:48:57 -0700'\nSystem info: host: 'LAPTOP-HKP3MAF8', ip: '192.168.43.169', os.name: 'Windows 10', os.arch: 'amd64', os.version: '10.0', java.version: '15.0.1'\nDriver info: com.qmetry.qaf.automation.ui.webdriver.QAFExtendedWebDriver\nCapabilities [{mobileEmulationEnabled=false, timeouts={implicit=0, pageLoad=300000, script=30000}, hasTouchScreen=false, platform=XP, acceptSslCerts=false, goog:chromeOptions={debuggerAddress=localhost:50407}, acceptInsecureCerts=false, webStorageEnabled=true, browserName=chrome, takesScreenshot=true, javascriptEnabled=true, setWindowRect=true, webauthn:extension:largeBlob=true, unexpectedAlertBehaviour=ignore, applicationCacheEnabled=false, rotatable=false, networkConnectionEnabled=false, chrome={chromedriverVersion=91.0.4472.19 (1bf021f248676a0b2ab3ee0561d83a59e424c23e-refs/branch-heads/4472@{#288}), userDataDir=C:\\Users\\VISHWA~1\\AppData\\Local\\Temp\\scoped_dir7484_1199492405}, takesHeapSnapshot=true, pageLoadStrategy=normal, strictFileInteractability=false, databaseEnabled=false, handlesAlerts=true, version=91.0.4472.77, browserConnectionEnabled=false, proxy={}, nativeEvents=true, locationContextEnabled=true, cssSelectorsEnabled=true, webauthn:virtualAuthenticators=true}]\nSession ID: da0fe18a034759957cbabedcccedaa37\n*** Element info: {Using=xpath, value=//*[@id='search']/input]}",
          "subLogs": [],
          "duration": 13
        },
        {
          "commandName": "findElement",
          "args": [
            "{value=//*[@id='search']/input], using=xpath}"
          ],
          "result": "invalid selector: Unable to locate an element with the xpath expression //*[@id='search']/input] because of the following error:\nSyntaxError: Failed to execute 'evaluate' on 'Document': The string '//*[@id='search']/input]' is not a valid XPath expression.\n  (Session info: chrome=91.0.4472.77)\n  (Driver info: chromedriver=91.0.4472.19 (1bf021f248676a0b2ab3ee0561d83a59e424c23e-refs/branch-heads/4472@{#288}),platform=Windows NT 10.0.19042 x86_64) (WARNING: The server did not provide any stacktrace information)\nCommand duration or timeout: 14 milliseconds\nFor documentation on this error, please visit: http://seleniumhq.org/exceptions/invalid_selector_exception.html\nBuild info: version: '3.0.0', revision: '350cf60', time: '2016-10-13 10:48:57 -0700'\nSystem info: host: 'LAPTOP-HKP3MAF8', ip: '192.168.43.169', os.name: 'Windows 10', os.arch: 'amd64', os.version: '10.0', java.version: '15.0.1'\nDriver info: com.qmetry.qaf.automation.ui.webdriver.QAFExtendedWebDriver\nCapabilities [{mobileEmulationEnabled=false, timeouts={implicit=0, pageLoad=300000, script=30000}, hasTouchScreen=false, platform=XP, acceptSslCerts=false, goog:chromeOptions={debuggerAddress=localhost:50407}, acceptInsecureCerts=false, webStorageEnabled=true, browserName=chrome, takesScreenshot=true, javascriptEnabled=true, setWindowRect=true, webauthn:extension:largeBlob=true, unexpectedAlertBehaviour=ignore, applicationCacheEnabled=false, rotatable=false, networkConnectionEnabled=false, chrome={chromedriverVersion=91.0.4472.19 (1bf021f248676a0b2ab3ee0561d83a59e424c23e-refs/branch-heads/4472@{#288}), userDataDir=C:\\Users\\VISHWA~1\\AppData\\Local\\Temp\\scoped_dir7484_1199492405}, takesHeapSnapshot=true, pageLoadStrategy=normal, strictFileInteractability=false, databaseEnabled=false, handlesAlerts=true, version=91.0.4472.77, browserConnectionEnabled=false, proxy={}, nativeEvents=true, locationContextEnabled=true, cssSelectorsEnabled=true, webauthn:virtualAuthenticators=true}]\nSession ID: da0fe18a034759957cbabedcccedaa37\n*** Element info: {Using=xpath, value=//*[@id='search']/input]}",
          "subLogs": [],
          "duration": 14
        },
        {
          "commandName": "findElement",
          "args": [
            "{value=//*[@id='search']/input], using=xpath}"
          ],
          "result": "invalid selector: Unable to locate an element with the xpath expression //*[@id='search']/input] because of the following error:\nSyntaxError: Failed to execute 'evaluate' on 'Document': The string '//*[@id='search']/input]' is not a valid XPath expression.\n  (Session info: chrome=91.0.4472.77)\n  (Driver info: chromedriver=91.0.4472.19 (1bf021f248676a0b2ab3ee0561d83a59e424c23e-refs/branch-heads/4472@{#288}),platform=Windows NT 10.0.19042 x86_64) (WARNING: The server did not provide any stacktrace information)\nCommand duration or timeout: 17 milliseconds\nFor documentation on this error, please visit: http://seleniumhq.org/exceptions/invalid_selector_exception.html\nBuild info: version: '3.0.0', revision: '350cf60', time: '2016-10-13 10:48:57 -0700'\nSystem info: host: 'LAPTOP-HKP3MAF8', ip: '192.168.43.169', os.name: 'Windows 10', os.arch: 'amd64', os.version: '10.0', java.version: '15.0.1'\nDriver info: com.qmetry.qaf.automation.ui.webdriver.QAFExtendedWebDriver\nCapabilities [{mobileEmulationEnabled=false, timeouts={implicit=0, pageLoad=300000, script=30000}, hasTouchScreen=false, platform=XP, acceptSslCerts=false, goog:chromeOptions={debuggerAddress=localhost:50407}, acceptInsecureCerts=false, webStorageEnabled=true, browserName=chrome, takesScreenshot=true, javascriptEnabled=true, setWindowRect=true, webauthn:extension:largeBlob=true, unexpectedAlertBehaviour=ignore, applicationCacheEnabled=false, rotatable=false, networkConnectionEnabled=false, chrome={chromedriverVersion=91.0.4472.19 (1bf021f248676a0b2ab3ee0561d83a59e424c23e-refs/branch-heads/4472@{#288}), userDataDir=C:\\Users\\VISHWA~1\\AppData\\Local\\Temp\\scoped_dir7484_1199492405}, takesHeapSnapshot=true, pageLoadStrategy=normal, strictFileInteractability=false, databaseEnabled=false, handlesAlerts=true, version=91.0.4472.77, browserConnectionEnabled=false, proxy={}, nativeEvents=true, locationContextEnabled=true, cssSelectorsEnabled=true, webauthn:virtualAuthenticators=true}]\nSession ID: da0fe18a034759957cbabedcccedaa37\n*** Element info: {Using=xpath, value=//*[@id='search']/input]}",
          "subLogs": [],
          "duration": 18
        },
        {
          "commandName": "findElement",
          "args": [
            "{value=//*[@id='search']/input], using=xpath}"
          ],
          "result": "invalid selector: Unable to locate an element with the xpath expression //*[@id='search']/input] because of the following error:\nSyntaxError: Failed to execute 'evaluate' on 'Document': The string '//*[@id='search']/input]' is not a valid XPath expression.\n  (Session info: chrome=91.0.4472.77)\n  (Driver info: chromedriver=91.0.4472.19 (1bf021f248676a0b2ab3ee0561d83a59e424c23e-refs/branch-heads/4472@{#288}),platform=Windows NT 10.0.19042 x86_64) (WARNING: The server did not provide any stacktrace information)\nCommand duration or timeout: 9 milliseconds\nFor documentation on this error, please visit: http://seleniumhq.org/exceptions/invalid_selector_exception.html\nBuild info: version: '3.0.0', revision: '350cf60', time: '2016-10-13 10:48:57 -0700'\nSystem info: host: 'LAPTOP-HKP3MAF8', ip: '192.168.43.169', os.name: 'Windows 10', os.arch: 'amd64', os.version: '10.0', java.version: '15.0.1'\nDriver info: com.qmetry.qaf.automation.ui.webdriver.QAFExtendedWebDriver\nCapabilities [{mobileEmulationEnabled=false, timeouts={implicit=0, pageLoad=300000, script=30000}, hasTouchScreen=false, platform=XP, acceptSslCerts=false, goog:chromeOptions={debuggerAddress=localhost:50407}, acceptInsecureCerts=false, webStorageEnabled=true, browserName=chrome, takesScreenshot=true, javascriptEnabled=true, setWindowRect=true, webauthn:extension:largeBlob=true, unexpectedAlertBehaviour=ignore, applicationCacheEnabled=false, rotatable=false, networkConnectionEnabled=false, chrome={chromedriverVersion=91.0.4472.19 (1bf021f248676a0b2ab3ee0561d83a59e424c23e-refs/branch-heads/4472@{#288}), userDataDir=C:\\Users\\VISHWA~1\\AppData\\Local\\Temp\\scoped_dir7484_1199492405}, takesHeapSnapshot=true, pageLoadStrategy=normal, strictFileInteractability=false, databaseEnabled=false, handlesAlerts=true, version=91.0.4472.77, browserConnectionEnabled=false, proxy={}, nativeEvents=true, locationContextEnabled=true, cssSelectorsEnabled=true, webauthn:virtualAuthenticators=true}]\nSession ID: da0fe18a034759957cbabedcccedaa37\n*** Element info: {Using=xpath, value=//*[@id='search']/input]}",
          "subLogs": [],
          "duration": 10
        },
        {
          "commandName": "findElement",
          "args": [
            "{value=//*[@id='search']/input], using=xpath}"
          ],
          "result": "invalid selector: Unable to locate an element with the xpath expression //*[@id='search']/input] because of the following error:\nSyntaxError: Failed to execute 'evaluate' on 'Document': The string '//*[@id='search']/input]' is not a valid XPath expression.\n  (Session info: chrome=91.0.4472.77)\n  (Driver info: chromedriver=91.0.4472.19 (1bf021f248676a0b2ab3ee0561d83a59e424c23e-refs/branch-heads/4472@{#288}),platform=Windows NT 10.0.19042 x86_64) (WARNING: The server did not provide any stacktrace information)\nCommand duration or timeout: 10 milliseconds\nFor documentation on this error, please visit: http://seleniumhq.org/exceptions/invalid_selector_exception.html\nBuild info: version: '3.0.0', revision: '350cf60', time: '2016-10-13 10:48:57 -0700'\nSystem info: host: 'LAPTOP-HKP3MAF8', ip: '192.168.43.169', os.name: 'Windows 10', os.arch: 'amd64', os.version: '10.0', java.version: '15.0.1'\nDriver info: com.qmetry.qaf.automation.ui.webdriver.QAFExtendedWebDriver\nCapabilities [{mobileEmulationEnabled=false, timeouts={implicit=0, pageLoad=300000, script=30000}, hasTouchScreen=false, platform=XP, acceptSslCerts=false, goog:chromeOptions={debuggerAddress=localhost:50407}, acceptInsecureCerts=false, webStorageEnabled=true, browserName=chrome, takesScreenshot=true, javascriptEnabled=true, setWindowRect=true, webauthn:extension:largeBlob=true, unexpectedAlertBehaviour=ignore, applicationCacheEnabled=false, rotatable=false, networkConnectionEnabled=false, chrome={chromedriverVersion=91.0.4472.19 (1bf021f248676a0b2ab3ee0561d83a59e424c23e-refs/branch-heads/4472@{#288}), userDataDir=C:\\Users\\VISHWA~1\\AppData\\Local\\Temp\\scoped_dir7484_1199492405}, takesHeapSnapshot=true, pageLoadStrategy=normal, strictFileInteractability=false, databaseEnabled=false, handlesAlerts=true, version=91.0.4472.77, browserConnectionEnabled=false, proxy={}, nativeEvents=true, locationContextEnabled=true, cssSelectorsEnabled=true, webauthn:virtualAuthenticators=true}]\nSession ID: da0fe18a034759957cbabedcccedaa37\n*** Element info: {Using=xpath, value=//*[@id='search']/input]}",
          "subLogs": [],
          "duration": 10
        },
        {
          "commandName": "findElement",
          "args": [
            "{value=//*[@id='search']/input], using=xpath}"
          ],
          "result": "invalid selector: Unable to locate an element with the xpath expression //*[@id='search']/input] because of the following error:\nSyntaxError: Failed to execute 'evaluate' on 'Document': The string '//*[@id='search']/input]' is not a valid XPath expression.\n  (Session info: chrome=91.0.4472.77)\n  (Driver info: chromedriver=91.0.4472.19 (1bf021f248676a0b2ab3ee0561d83a59e424c23e-refs/branch-heads/4472@{#288}),platform=Windows NT 10.0.19042 x86_64) (WARNING: The server did not provide any stacktrace information)\nCommand duration or timeout: 9 milliseconds\nFor documentation on this error, please visit: http://seleniumhq.org/exceptions/invalid_selector_exception.html\nBuild info: version: '3.0.0', revision: '350cf60', time: '2016-10-13 10:48:57 -0700'\nSystem info: host: 'LAPTOP-HKP3MAF8', ip: '192.168.43.169', os.name: 'Windows 10', os.arch: 'amd64', os.version: '10.0', java.version: '15.0.1'\nDriver info: com.qmetry.qaf.automation.ui.webdriver.QAFExtendedWebDriver\nCapabilities [{mobileEmulationEnabled=false, timeouts={implicit=0, pageLoad=300000, script=30000}, hasTouchScreen=false, platform=XP, acceptSslCerts=false, goog:chromeOptions={debuggerAddress=localhost:50407}, acceptInsecureCerts=false, webStorageEnabled=true, browserName=chrome, takesScreenshot=true, javascriptEnabled=true, setWindowRect=true, webauthn:extension:largeBlob=true, unexpectedAlertBehaviour=ignore, applicationCacheEnabled=false, rotatable=false, networkConnectionEnabled=false, chrome={chromedriverVersion=91.0.4472.19 (1bf021f248676a0b2ab3ee0561d83a59e424c23e-refs/branch-heads/4472@{#288}), userDataDir=C:\\Users\\VISHWA~1\\AppData\\Local\\Temp\\scoped_dir7484_1199492405}, takesHeapSnapshot=true, pageLoadStrategy=normal, strictFileInteractability=false, databaseEnabled=false, handlesAlerts=true, version=91.0.4472.77, browserConnectionEnabled=false, proxy={}, nativeEvents=true, locationContextEnabled=true, cssSelectorsEnabled=true, webauthn:virtualAuthenticators=true}]\nSession ID: da0fe18a034759957cbabedcccedaa37\n*** Element info: {Using=xpath, value=//*[@id='search']/input]}",
          "subLogs": [],
          "duration": 10
        },
        {
          "commandName": "findElement",
          "args": [
            "{value=//*[@id='search']/input], using=xpath}"
          ],
          "result": "invalid selector: Unable to locate an element with the xpath expression //*[@id='search']/input] because of the following error:\nSyntaxError: Failed to execute 'evaluate' on 'Document': The string '//*[@id='search']/input]' is not a valid XPath expression.\n  (Session info: chrome=91.0.4472.77)\n  (Driver info: chromedriver=91.0.4472.19 (1bf021f248676a0b2ab3ee0561d83a59e424c23e-refs/branch-heads/4472@{#288}),platform=Windows NT 10.0.19042 x86_64) (WARNING: The server did not provide any stacktrace information)\nCommand duration or timeout: 14 milliseconds\nFor documentation on this error, please visit: http://seleniumhq.org/exceptions/invalid_selector_exception.html\nBuild info: version: '3.0.0', revision: '350cf60', time: '2016-10-13 10:48:57 -0700'\nSystem info: host: 'LAPTOP-HKP3MAF8', ip: '192.168.43.169', os.name: 'Windows 10', os.arch: 'amd64', os.version: '10.0', java.version: '15.0.1'\nDriver info: com.qmetry.qaf.automation.ui.webdriver.QAFExtendedWebDriver\nCapabilities [{mobileEmulationEnabled=false, timeouts={implicit=0, pageLoad=300000, script=30000}, hasTouchScreen=false, platform=XP, acceptSslCerts=false, goog:chromeOptions={debuggerAddress=localhost:50407}, acceptInsecureCerts=false, webStorageEnabled=true, browserName=chrome, takesScreenshot=true, javascriptEnabled=true, setWindowRect=true, webauthn:extension:largeBlob=true, unexpectedAlertBehaviour=ignore, applicationCacheEnabled=false, rotatable=false, networkConnectionEnabled=false, chrome={chromedriverVersion=91.0.4472.19 (1bf021f248676a0b2ab3ee0561d83a59e424c23e-refs/branch-heads/4472@{#288}), userDataDir=C:\\Users\\VISHWA~1\\AppData\\Local\\Temp\\scoped_dir7484_1199492405}, takesHeapSnapshot=true, pageLoadStrategy=normal, strictFileInteractability=false, databaseEnabled=false, handlesAlerts=true, version=91.0.4472.77, browserConnectionEnabled=false, proxy={}, nativeEvents=true, locationContextEnabled=true, cssSelectorsEnabled=true, webauthn:virtualAuthenticators=true}]\nSession ID: da0fe18a034759957cbabedcccedaa37\n*** Element info: {Using=xpath, value=//*[@id='search']/input]}",
          "subLogs": [],
          "duration": 14
        },
        {
          "commandName": "findElement",
          "args": [
            "{value=//*[@id='search']/input], using=xpath}"
          ],
          "result": "invalid selector: Unable to locate an element with the xpath expression //*[@id='search']/input] because of the following error:\nSyntaxError: Failed to execute 'evaluate' on 'Document': The string '//*[@id='search']/input]' is not a valid XPath expression.\n  (Session info: chrome=91.0.4472.77)\n  (Driver info: chromedriver=91.0.4472.19 (1bf021f248676a0b2ab3ee0561d83a59e424c23e-refs/branch-heads/4472@{#288}),platform=Windows NT 10.0.19042 x86_64) (WARNING: The server did not provide any stacktrace information)\nCommand duration or timeout: 13 milliseconds\nFor documentation on this error, please visit: http://seleniumhq.org/exceptions/invalid_selector_exception.html\nBuild info: version: '3.0.0', revision: '350cf60', time: '2016-10-13 10:48:57 -0700'\nSystem info: host: 'LAPTOP-HKP3MAF8', ip: '192.168.43.169', os.name: 'Windows 10', os.arch: 'amd64', os.version: '10.0', java.version: '15.0.1'\nDriver info: com.qmetry.qaf.automation.ui.webdriver.QAFExtendedWebDriver\nCapabilities [{mobileEmulationEnabled=false, timeouts={implicit=0, pageLoad=300000, script=30000}, hasTouchScreen=false, platform=XP, acceptSslCerts=false, goog:chromeOptions={debuggerAddress=localhost:50407}, acceptInsecureCerts=false, webStorageEnabled=true, browserName=chrome, takesScreenshot=true, javascriptEnabled=true, setWindowRect=true, webauthn:extension:largeBlob=true, unexpectedAlertBehaviour=ignore, applicationCacheEnabled=false, rotatable=false, networkConnectionEnabled=false, chrome={chromedriverVersion=91.0.4472.19 (1bf021f248676a0b2ab3ee0561d83a59e424c23e-refs/branch-heads/4472@{#288}), userDataDir=C:\\Users\\VISHWA~1\\AppData\\Local\\Temp\\scoped_dir7484_1199492405}, takesHeapSnapshot=true, pageLoadStrategy=normal, strictFileInteractability=false, databaseEnabled=false, handlesAlerts=true, version=91.0.4472.77, browserConnectionEnabled=false, proxy={}, nativeEvents=true, locationContextEnabled=true, cssSelectorsEnabled=true, webauthn:virtualAuthenticators=true}]\nSession ID: da0fe18a034759957cbabedcccedaa37\n*** Element info: {Using=xpath, value=//*[@id='search']/input]}",
          "subLogs": [],
          "duration": 13
        },
        {
          "commandName": "findElement",
          "args": [
            "{value=//*[@id='search']/input], using=xpath}"
          ],
          "result": "invalid selector: Unable to locate an element with the xpath expression //*[@id='search']/input] because of the following error:\nSyntaxError: Failed to execute 'evaluate' on 'Document': The string '//*[@id='search']/input]' is not a valid XPath expression.\n  (Session info: chrome=91.0.4472.77)\n  (Driver info: chromedriver=91.0.4472.19 (1bf021f248676a0b2ab3ee0561d83a59e424c23e-refs/branch-heads/4472@{#288}),platform=Windows NT 10.0.19042 x86_64) (WARNING: The server did not provide any stacktrace information)\nCommand duration or timeout: 14 milliseconds\nFor documentation on this error, please visit: http://seleniumhq.org/exceptions/invalid_selector_exception.html\nBuild info: version: '3.0.0', revision: '350cf60', time: '2016-10-13 10:48:57 -0700'\nSystem info: host: 'LAPTOP-HKP3MAF8', ip: '192.168.43.169', os.name: 'Windows 10', os.arch: 'amd64', os.version: '10.0', java.version: '15.0.1'\nDriver info: com.qmetry.qaf.automation.ui.webdriver.QAFExtendedWebDriver\nCapabilities [{mobileEmulationEnabled=false, timeouts={implicit=0, pageLoad=300000, script=30000}, hasTouchScreen=false, platform=XP, acceptSslCerts=false, goog:chromeOptions={debuggerAddress=localhost:50407}, acceptInsecureCerts=false, webStorageEnabled=true, browserName=chrome, takesScreenshot=true, javascriptEnabled=true, setWindowRect=true, webauthn:extension:largeBlob=true, unexpectedAlertBehaviour=ignore, applicationCacheEnabled=false, rotatable=false, networkConnectionEnabled=false, chrome={chromedriverVersion=91.0.4472.19 (1bf021f248676a0b2ab3ee0561d83a59e424c23e-refs/branch-heads/4472@{#288}), userDataDir=C:\\Users\\VISHWA~1\\AppData\\Local\\Temp\\scoped_dir7484_1199492405}, takesHeapSnapshot=true, pageLoadStrategy=normal, strictFileInteractability=false, databaseEnabled=false, handlesAlerts=true, version=91.0.4472.77, browserConnectionEnabled=false, proxy={}, nativeEvents=true, locationContextEnabled=true, cssSelectorsEnabled=true, webauthn:virtualAuthenticators=true}]\nSession ID: da0fe18a034759957cbabedcccedaa37\n*** Element info: {Using=xpath, value=//*[@id='search']/input]}",
          "subLogs": [],
          "duration": 14
        },
        {
          "commandName": "findElement",
          "args": [
            "{value=//*[@id='search']/input], using=xpath}"
          ],
          "result": "invalid selector: Unable to locate an element with the xpath expression //*[@id='search']/input] because of the following error:\nSyntaxError: Failed to execute 'evaluate' on 'Document': The string '//*[@id='search']/input]' is not a valid XPath expression.\n  (Session info: chrome=91.0.4472.77)\n  (Driver info: chromedriver=91.0.4472.19 (1bf021f248676a0b2ab3ee0561d83a59e424c23e-refs/branch-heads/4472@{#288}),platform=Windows NT 10.0.19042 x86_64) (WARNING: The server did not provide any stacktrace information)\nCommand duration or timeout: 13 milliseconds\nFor documentation on this error, please visit: http://seleniumhq.org/exceptions/invalid_selector_exception.html\nBuild info: version: '3.0.0', revision: '350cf60', time: '2016-10-13 10:48:57 -0700'\nSystem info: host: 'LAPTOP-HKP3MAF8', ip: '192.168.43.169', os.name: 'Windows 10', os.arch: 'amd64', os.version: '10.0', java.version: '15.0.1'\nDriver info: com.qmetry.qaf.automation.ui.webdriver.QAFExtendedWebDriver\nCapabilities [{mobileEmulationEnabled=false, timeouts={implicit=0, pageLoad=300000, script=30000}, hasTouchScreen=false, platform=XP, acceptSslCerts=false, goog:chromeOptions={debuggerAddress=localhost:50407}, acceptInsecureCerts=false, webStorageEnabled=true, browserName=chrome, takesScreenshot=true, javascriptEnabled=true, setWindowRect=true, webauthn:extension:largeBlob=true, unexpectedAlertBehaviour=ignore, applicationCacheEnabled=false, rotatable=false, networkConnectionEnabled=false, chrome={chromedriverVersion=91.0.4472.19 (1bf021f248676a0b2ab3ee0561d83a59e424c23e-refs/branch-heads/4472@{#288}), userDataDir=C:\\Users\\VISHWA~1\\AppData\\Local\\Temp\\scoped_dir7484_1199492405}, takesHeapSnapshot=true, pageLoadStrategy=normal, strictFileInteractability=false, databaseEnabled=false, handlesAlerts=true, version=91.0.4472.77, browserConnectionEnabled=false, proxy={}, nativeEvents=true, locationContextEnabled=true, cssSelectorsEnabled=true, webauthn:virtualAuthenticators=true}]\nSession ID: da0fe18a034759957cbabedcccedaa37\n*** Element info: {Using=xpath, value=//*[@id='search']/input]}",
          "subLogs": [],
          "duration": 13
        },
        {
          "commandName": "sendKeysToElement",
          "args": [
            "By.xpath: //*[@id='search']/input]",
            "{\"value\":[\"iphone\"],\"id\":\"-1\"}"
          ],
          "result": "Timed out after 10 seconds waiting for presence of element located by: By.xpath: //*[@id='search']/input]\nBuild info: version: '3.0.0', revision: '350cf60', time: '2016-10-13 10:48:57 -0700'\nSystem info: host: 'LAPTOP-HKP3MAF8', ip: '192.168.43.169', os.name: 'Windows 10', os.arch: 'amd64', os.version: '10.0', java.version: '15.0.1'\nDriver info: driver.version: QAFExtendedWebDriver",
          "subLogs": [],
          "duration": -439855515
        },
        {
          "commandName": "findElements",
          "args": [
            "{value=//*[@id='search']/input], using=xpath}"
          ],
          "result": "invalid selector: Unable to locate an element with the xpath expression //*[@id='search']/input] because of the following error:\nSyntaxError: Failed to execute 'evaluate' on 'Document': The string '//*[@id='search']/input]' is not a valid XPath expression.\n  (Session info: chrome=91.0.4472.77)\n  (Driver info: chromedriver=91.0.4472.19 (1bf021f248676a0b2ab3ee0561d83a59e424c23e-refs/branch-heads/4472@{#288}),platform=Windows NT 10.0.19042 x86_64) (WARNING: The server did not provide any stacktrace information)\nCommand duration or timeout: 107 milliseconds\nFor documentation on this error, please visit: http://seleniumhq.org/exceptions/invalid_selector_exception.html\nBuild info: version: '3.0.0', revision: '350cf60', time: '2016-10-13 10:48:57 -0700'\nSystem info: host: 'LAPTOP-HKP3MAF8', ip: '192.168.43.169', os.name: 'Windows 10', os.arch: 'amd64', os.version: '10.0', java.version: '15.0.1'\nDriver info: com.qmetry.qaf.automation.ui.webdriver.QAFExtendedWebDriver\nCapabilities [{mobileEmulationEnabled=false, timeouts={implicit=0, pageLoad=300000, script=30000}, hasTouchScreen=false, platform=XP, acceptSslCerts=false, goog:chromeOptions={debuggerAddress=localhost:50407}, acceptInsecureCerts=false, webStorageEnabled=true, browserName=chrome, takesScreenshot=true, javascriptEnabled=true, setWindowRect=true, webauthn:extension:largeBlob=true, unexpectedAlertBehaviour=ignore, applicationCacheEnabled=false, rotatable=false, networkConnectionEnabled=false, chrome={chromedriverVersion=91.0.4472.19 (1bf021f248676a0b2ab3ee0561d83a59e424c23e-refs/branch-heads/4472@{#288}), userDataDir=C:\\Users\\VISHWA~1\\AppData\\Local\\Temp\\scoped_dir7484_1199492405}, takesHeapSnapshot=true, pageLoadStrategy=normal, strictFileInteractability=false, databaseEnabled=false, handlesAlerts=true, version=91.0.4472.77, browserConnectionEnabled=false, proxy={}, nativeEvents=true, locationContextEnabled=true, cssSelectorsEnabled=true, webauthn:virtualAuthenticators=true}]\nSession ID: da0fe18a034759957cbabedcccedaa37\n*** Element info: {Using=xpath, value=//*[@id='search']/input]}",
          "subLogs": [],
          "duration": 107
        }
      ],
      "duration": -1
    }
  ],
  "checkPoints": [
    {
      "message": "get 'https://demo.opencart.com/'",
      "type": "TestStepPass",
      "screenshot": null,
      "duration": 8382,
      "threshold": 0,
      "subCheckPoints": []
    },
    {
      "message": "click on 'button.myaccount'",
      "type": "TestStepPass",
      "screenshot": null,
      "duration": 890,
      "threshold": 0,
      "subCheckPoints": []
    },
    {
      "message": "click on 'button.login'",
      "type": "TestStepPass",
      "screenshot": null,
      "duration": 1441,
      "threshold": 0,
      "subCheckPoints": []
    },
    {
      "message": "sendKeys 'umavishwa1995@gmail.com' into 'input.email'",
      "type": "TestStepPass",
      "screenshot": null,
      "duration": 634,
      "threshold": 0,
      "subCheckPoints": []
    },
    {
      "message": "sendKeys 'Blackberry@123' into 'input.password'",
      "type": "TestStepPass",
      "screenshot": null,
      "duration": 101,
      "threshold": 0,
      "subCheckPoints": []
    },
    {
      "message": "click on 'button.loginsubmit'",
      "type": "TestStepPass",
      "screenshot": null,
      "duration": 3126,
      "threshold": 0,
      "subCheckPoints": []
    },
    {
      "message": "sendKeys 'iphone' into 'searchinput'",
      "type": "TestStepFail",
      "screenshot": "img/LoginFunctionalityTest_npvke0g9ud2j56033.png",
      "duration": 10345,
      "threshold": 0,
      "subCheckPoints": [
        {
          "message": "org.openqa.selenium.TimeoutException: Timed out after 10 seconds waiting for presence of element located by: By.xpath: //*[@id='search']/input]\nBuild info: version: '3.0.0', revision: '350cf60', time: '2016-10-13 10:48:57 -0700'\nSystem info: host: 'LAPTOP-HKP3MAF8', ip: '192.168.43.169', os.name: 'Windows 10', os.arch: 'amd64', os.version: '10.0', java.version: '15.0.1'\nDriver info: driver.version: QAFExtendedWebDriver",
          "type": "Fail",
          "screenshot": null,
          "duration": 0,
          "threshold": 0,
          "subCheckPoints": []
        }
      ]
    }
  ],
  "errorTrace": "org.openqa.selenium.TimeoutException: Timed out after 10 seconds waiting for presence of element located by: By.xpath: //*[@id='search']/input]\nBuild info: version: '3.0.0', revision: '350cf60', time: '2016-10-13 10:48:57 -0700'\nSystem info: host: 'LAPTOP-HKP3MAF8', ip: '192.168.43.169', os.name: 'Windows 10', os.arch: 'amd64', os.version: '10.0', java.version: '15.0.1'\nDriver info: driver.version: QAFExtendedWebDriver\r\n\tat com.qmetry.qaf.automation.ui.util.DynamicWait.until(DynamicWait.java:168)\r\n\tat com.qmetry.qaf.automation.ui.webdriver.QAFExtendedWebDriver.load(QAFExtendedWebDriver.java:213)\r\n\tat com.qmetry.qaf.automation.ui.webdriver.QAFExtendedWebElement.load(QAFExtendedWebElement.java:302)\r\n\tat com.qmetry.qaf.automation.ui.webdriver.QAFExtendedWebElement.execute(QAFExtendedWebElement.java:249)\r\n\tat org.openqa.selenium.remote.RemoteWebElement.sendKeys(RemoteWebElement.java:98)\r\n\tat com.qmetry.qaf.automation.step.CommonStep.sendKeys_aroundBody6(CommonStep.java:111)\r\n\tat com.qmetry.qaf.automation.step.CommonStep$AjcClosure7.run(CommonStep.java:1)\r\n\tat org.aspectj.runtime.reflect.JoinPointImpl.proceed(JoinPointImpl.java:149)\r\n\tat com.qmetry.qaf.automation.step.JavaStepReporter$MockJavaStep.doExecute(JavaStepReporter.java:130)\r\n\tat com.qmetry.qaf.automation.step.BaseTestStep.execute(BaseTestStep.java:149)\r\n\tat com.qmetry.qaf.automation.step.JavaStepReporter.javaTestStep(JavaStepReporter.java:80)\r\n\tat com.qmetry.qaf.automation.step.CommonStep.sendKeys(CommonStep.java:110)\r\n\tat qaf.example.tests.IphoneSearchTest.LoginFunctionalityTest(IphoneSearchTest.java:28)\r\n\tat java.base/jdk.internal.reflect.NativeMethodAccessorImpl.invoke0(Native Method)\r\n\tat java.base/jdk.internal.reflect.NativeMethodAccessorImpl.invoke(NativeMethodAccessorImpl.java:64)\r\n\tat java.base/jdk.internal.reflect.DelegatingMethodAccessorImpl.invoke(DelegatingMethodAccessorImpl.java:43)\r\n\tat java.base/java.lang.reflect.Method.invoke(Method.java:564)\r\n\tat org.testng.internal.MethodInvocationHelper.invokeMethod(MethodInvocationHelper.java:104)\r\n\tat org.testng.internal.Invoker.invokeMethod(Invoker.java:645)\r\n\tat org.testng.internal.Invoker.invokeTestMethod(Invoker.java:851)\r\n\tat org.testng.internal.Invoker.invokeTestMethods(Invoker.java:1177)\r\n\tat org.testng.internal.TestMethodWorker.invokeTestMethods(TestMethodWorker.java:129)\r\n\tat org.testng.internal.TestMethodWorker.run(TestMethodWorker.java:112)\r\n\tat org.testng.TestRunner.privateRun(TestRunner.java:756)\r\n\tat org.testng.TestRunner.run(TestRunner.java:610)\r\n\tat org.testng.SuiteRunner.runTest(SuiteRunner.java:387)\r\n\tat org.testng.SuiteRunner.runSequentially(SuiteRunner.java:382)\r\n\tat org.testng.SuiteRunner.privateRun(SuiteRunner.java:340)\r\n\tat org.testng.SuiteRunner.run(SuiteRunner.java:289)\r\n\tat org.testng.SuiteRunnerWorker.runSuite(SuiteRunnerWorker.java:52)\r\n\tat org.testng.SuiteRunnerWorker.run(SuiteRunnerWorker.java:86)\r\n\tat org.testng.TestNG.runSuitesSequentially(TestNG.java:1293)\r\n\tat org.testng.TestNG.runSuitesLocally(TestNG.java:1218)\r\n\tat org.testng.TestNG.runSuites(TestNG.java:1133)\r\n\tat org.testng.TestNG.run(TestNG.java:1104)\r\n\tat org.testng.remote.AbstractRemoteTestNG.run(AbstractRemoteTestNG.java:115)\r\n\tat org.testng.remote.RemoteTestNG.initAndRun(RemoteTestNG.java:251)\r\n\tat org.testng.remote.RemoteTestNG.main(RemoteTestNG.java:77)\r\nCaused by: org.openqa.selenium.InvalidSelectorException: invalid selector: Unable to locate an element with the xpath expression //*[@id='search']/input] because of the following error:\nSyntaxError: Failed to execute 'evaluate' on 'Document': The string '//*[@id='search']/input]' is not a valid XPath expression.\n  (Session info: chrome=91.0.4472.77)\n  (Driver info: chromedriver=91.0.4472.19 (1bf021f248676a0b2ab3ee0561d83a59e424c23e-refs/branch-heads/4472@{#288}),platform=Windows NT 10.0.19042 x86_64) (WARNING: The server did not provide any stacktrace information)\nCommand duration or timeout: 13 milliseconds\nFor documentation on this error, please visit: http://seleniumhq.org/exceptions/invalid_selector_exception.html\nBuild info: version: '3.0.0', revision: '350cf60', time: '2016-10-13 10:48:57 -0700'\nSystem info: host: 'LAPTOP-HKP3MAF8', ip: '192.168.43.169', os.name: 'Windows 10', os.arch: 'amd64', os.version: '10.0', java.version: '15.0.1'\nDriver info: com.qmetry.qaf.automation.ui.webdriver.QAFExtendedWebDriver\nCapabilities [{mobileEmulationEnabled=false, timeouts={implicit=0, pageLoad=300000, script=30000}, hasTouchScreen=false, platform=XP, acceptSslCerts=false, goog:chromeOptions={debuggerAddress=localhost:50407}, acceptInsecureCerts=false, webStorageEnabled=true, browserName=chrome, takesScreenshot=true, javascriptEnabled=true, setWindowRect=true, webauthn:extension:largeBlob=true, unexpectedAlertBehaviour=ignore, applicationCacheEnabled=false, rotatable=false, networkConnectionEnabled=false, chrome={chromedriverVersion=91.0.4472.19 (1bf021f248676a0b2ab3ee0561d83a59e424c23e-refs/branch-heads/4472@{#288}), userDataDir=C:\\Users\\VISHWA~1\\AppData\\Local\\Temp\\scoped_dir7484_1199492405}, takesHeapSnapshot=true, pageLoadStrategy=normal, strictFileInteractability=false, databaseEnabled=false, handlesAlerts=true, version=91.0.4472.77, browserConnectionEnabled=false, proxy={}, nativeEvents=true, locationContextEnabled=true, cssSelectorsEnabled=true, webauthn:virtualAuthenticators=true}]\nSession ID: da0fe18a034759957cbabedcccedaa37\n*** Element info: {Using=xpath, value=//*[@id='search']/input]}\r\n\tat java.base/jdk.internal.reflect.NativeConstructorAccessorImpl.newInstance0(Native Method)\r\n\tat java.base/jdk.internal.reflect.NativeConstructorAccessorImpl.newInstance(NativeConstructorAccessorImpl.java:64)\r\n\tat java.base/jdk.internal.reflect.DelegatingConstructorAccessorImpl.newInstance(DelegatingConstructorAccessorImpl.java:45)\r\n\tat java.base/java.lang.reflect.Constructor.newInstanceWithCaller(Constructor.java:500)\r\n\tat java.base/java.lang.reflect.Constructor.newInstance(Constructor.java:481)\r\n\tat org.openqa.selenium.remote.ErrorHandler.createThrowable(ErrorHandler.java:216)\r\n\tat org.openqa.selenium.remote.ErrorHandler.throwIfResponseFailed(ErrorHandler.java:168)\r\n\tat org.openqa.selenium.remote.RemoteWebDriver.execute(RemoteWebDriver.java:635)\r\n\tat com.qmetry.qaf.automation.ui.webdriver.QAFExtendedWebDriver.execute(QAFExtendedWebDriver.java:233)\r\n\tat org.openqa.selenium.remote.RemoteWebDriver.findElement(RemoteWebDriver.java:368)\r\n\tat org.openqa.selenium.remote.RemoteWebDriver.findElementByXPath(RemoteWebDriver.java:473)\r\n\tat com.qmetry.qaf.automation.ui.webdriver.QAFExtendedWebDriver.findElementByXPath(QAFExtendedWebDriver.java:396)\r\n\tat com.qmetry.qaf.automation.ui.webdriver.QAFExtendedWebDriver.findElementByXPath(QAFExtendedWebDriver.java:1)\r\n\tat org.openqa.selenium.By$ByXPath.findElement(By.java:361)\r\n\tat org.openqa.selenium.remote.RemoteWebDriver.findElement(RemoteWebDriver.java:360)\r\n\tat com.qmetry.qaf.automation.ui.webdriver.QAFExtendedWebDriver.findElement(QAFExtendedWebDriver.java:169)\r\n\tat com.qmetry.qaf.automation.ui.webdriver.QAFExtendedWebDriver.findElement(QAFExtendedWebDriver.java:1)\r\n\tat org.openqa.selenium.support.ui.ExpectedConditions.findElement(ExpectedConditions.java:895)\r\n\tat org.openqa.selenium.support.ui.ExpectedConditions.access$000(ExpectedConditions.java:41)\r\n\tat org.openqa.selenium.support.ui.ExpectedConditions$6.apply(ExpectedConditions.java:181)\r\n\tat org.openqa.selenium.support.ui.ExpectedConditions$6.apply(ExpectedConditions.java:178)\r\n\tat com.qmetry.qaf.automation.ui.util.DynamicWait.until(DynamicWait.java:147)\r\n\t... 37 more\r\n"
}