{
  "seleniumLog": [
    {
      "commandName": "get",
      "args": [
        "[https://demo.qloapps.com/en/]"
      ],
      "result": "success",
      "subLogs": [
        {
          "commandName": "get",
          "args": [
            "{url=https://demo.qloapps.com/en/}"
          ],
          "result": "null",
          "subLogs": [],
          "duration": 9590
        }
      ],
      "duration": -1
    },
    {
      "commandName": "maximizeCurrentWindow",
      "args": [
        "{}"
      ],
      "result": "{width=1552, x=-8, y=-8, height=840}",
      "subLogs": [],
      "duration": 180
    },
    {
      "commandName": "click",
      "args": [
        "[qlo_sign_in]"
      ],
      "result": "success",
      "subLogs": [
        {
          "commandName": "findElement",
          "args": [
            "{value=Sign in, using=link text}"
          ],
          "result": "id: 0.386073337157971-1",
          "subLogs": [],
          "duration": 50
        },
        {
          "commandName": "findElement",
          "args": [
            "By.linkText: Sign in",
            "{}"
          ],
          "result": "OK",
          "subLogs": [],
          "duration": -1
        },
        {
          "commandName": "clickElement",
          "args": [
            "By.linkText: Sign in",
            "{\"id\":\"0.386073337157971-1\"}"
          ],
          "result": "clickElement:null",
          "subLogs": [],
          "duration": 6152
        }
      ],
      "duration": -1
    },
    {
      "commandName": "clear",
      "args": [
        "[qlo_loginemail]"
      ],
      "result": "success",
      "subLogs": [
        {
          "commandName": "findElement",
          "args": [
            "{value=//*[@id='email'], using=xpath}"
          ],
          "result": "id: 0.5720285899718875-1",
          "subLogs": [],
          "duration": 17
        },
        {
          "commandName": "findElement",
          "args": [
            "By.xpath: //*[@id='email']",
            "{}"
          ],
          "result": "OK",
          "subLogs": [],
          "duration": -1
        },
        {
          "commandName": "clearElement",
          "args": [
            "By.xpath: //*[@id='email']",
            "{\"id\":\"0.5720285899718875-1\"}"
          ],
          "result": "clearElement:null",
          "subLogs": [],
          "duration": 44
        }
      ],
      "duration": -1
    },
    {
      "commandName": "sendKeys",
      "args": [
        "[test9@gmail.com, qlo_loginemail]"
      ],
      "result": "success",
      "subLogs": [
        {
          "commandName": "findElement",
          "args": [
            "{value=//*[@id='email'], using=xpath}"
          ],
          "result": "id: 0.5720285899718875-1",
          "subLogs": [],
          "duration": 14
        },
        {
          "commandName": "findElement",
          "args": [
            "By.xpath: //*[@id='email']",
            "{}"
          ],
          "result": "OK",
          "subLogs": [],
          "duration": -1
        },
        {
          "commandName": "sendKeysToElement",
          "args": [
            "By.xpath: //*[@id='email']",
            "{\"value\":[\"test9@gmail.com\"],\"id\":\"0.5720285899718875-1\"}"
          ],
          "result": "sendKeysToElement:null",
          "subLogs": [],
          "duration": 81
        }
      ],
      "duration": -1
    },
    {
      "commandName": "clear",
      "args": [
        "[qlo_loginpassword]"
      ],
      "result": "success",
      "subLogs": [
        {
          "commandName": "findElement",
          "args": [
            "{value=//*[@id='passwd'], using=xpath}"
          ],
          "result": "id: 0.5720285899718875-3",
          "subLogs": [],
          "duration": 15
        },
        {
          "commandName": "findElement",
          "args": [
            "By.xpath: //*[@id='passwd']",
            "{}"
          ],
          "result": "OK",
          "subLogs": [],
          "duration": -1
        },
        {
          "commandName": "clearElement",
          "args": [
            "By.xpath: //*[@id='passwd']",
            "{\"id\":\"0.5720285899718875-3\"}"
          ],
          "result": "clearElement:null",
          "subLogs": [],
          "duration": 62
        }
      ],
      "duration": -1
    },
    {
      "commandName": "sendKeys",
      "args": [
        "[Test@123, qlo_loginpassword]"
      ],
      "result": "success",
      "subLogs": [
        {
          "commandName": "findElement",
          "args": [
            "{value=//*[@id='passwd'], using=xpath}"
          ],
          "result": "id: 0.5720285899718875-3",
          "subLogs": [],
          "duration": 13
        },
        {
          "commandName": "findElement",
          "args": [
            "By.xpath: //*[@id='passwd']",
            "{}"
          ],
          "result": "OK",
          "subLogs": [],
          "duration": -1
        },
        {
          "commandName": "sendKeysToElement",
          "args": [
            "By.xpath: //*[@id='passwd']",
            "{\"value\":[\"Test@123\"],\"id\":\"0.5720285899718875-3\"}"
          ],
          "result": "sendKeysToElement:null",
          "subLogs": [],
          "duration": 81
        }
      ],
      "duration": -1
    },
    {
      "commandName": "click",
      "args": [
        "[qlo_submitsignin]"
      ],
      "result": "success",
      "subLogs": [
        {
          "commandName": "findElement",
          "args": [
            "{value=//*[@id='SubmitLogin']/span, using=xpath}"
          ],
          "result": "id: 0.5720285899718875-4",
          "subLogs": [],
          "duration": 16
        },
        {
          "commandName": "findElement",
          "args": [
            "By.xpath: //*[@id='SubmitLogin']/span",
            "{}"
          ],
          "result": "OK",
          "subLogs": [],
          "duration": -1
        },
        {
          "commandName": "clickElement",
          "args": [
            "By.xpath: //*[@id='SubmitLogin']/span",
            "{\"id\":\"0.5720285899718875-4\"}"
          ],
          "result": "clickElement:null",
          "subLogs": [],
          "duration": 9777
        }
      ],
      "duration": -1
    },
    {
      "commandName": "click",
      "args": [
        "[qlo_personal]"
      ],
      "result": "success",
      "subLogs": [
        {
          "commandName": "findElement",
          "args": [
            "{value=//*[@id='center_column']/div/div/ul/li[6]/a/span, using=xpath}"
          ],
          "result": "id: 0.44966875400773065-1",
          "subLogs": [],
          "duration": 20
        },
        {
          "commandName": "findElement",
          "args": [
            "By.xpath: //*[@id='center_column']/div/div/ul/li[6]/a/span",
            "{}"
          ],
          "result": "OK",
          "subLogs": [],
          "duration": -1
        },
        {
          "commandName": "clickElement",
          "args": [
            "By.xpath: //*[@id='center_column']/div/div/ul/li[6]/a/span",
            "{\"id\":\"0.44966875400773065-1\"}"
          ],
          "result": "clickElement:null",
          "subLogs": [],
          "duration": 2230
        }
      ],
      "duration": -1
    },
    {
      "commandName": "clear",
      "args": [
        "[qlo_updatefirstname]"
      ],
      "result": "success",
      "subLogs": [
        {
          "commandName": "findElement",
          "args": [
            "{value=//*[@id='firstname'], using=xpath}"
          ],
          "result": "id: 0.5310025428487555-1",
          "subLogs": [],
          "duration": 50
        },
        {
          "commandName": "findElement",
          "args": [
            "By.xpath: //*[@id='firstname']",
            "{}"
          ],
          "result": "OK",
          "subLogs": [],
          "duration": -1
        },
        {
          "commandName": "clearElement",
          "args": [
            "By.xpath: //*[@id='firstname']",
            "{\"id\":\"0.5310025428487555-1\"}"
          ],
          "result": "clearElement:null",
          "subLogs": [],
          "duration": 58
        }
      ],
      "duration": -1
    },
    {
      "commandName": "sendKeys",
      "args": [
        "[Uma1, qlo_updatefirstname]"
      ],
      "result": "success",
      "subLogs": [
        {
          "commandName": "findElement",
          "args": [
            "{value=//*[@id='firstname'], using=xpath}"
          ],
          "result": "id: 0.5310025428487555-1",
          "subLogs": [],
          "duration": 16
        },
        {
          "commandName": "findElement",
          "args": [
            "By.xpath: //*[@id='firstname']",
            "{}"
          ],
          "result": "OK",
          "subLogs": [],
          "duration": -1
        },
        {
          "commandName": "sendKeysToElement",
          "args": [
            "By.xpath: //*[@id='firstname']",
            "{\"value\":[\"Uma1\"],\"id\":\"0.5310025428487555-1\"}"
          ],
          "result": "sendKeysToElement:null",
          "subLogs": [],
          "duration": 84
        }
      ],
      "duration": -1
    },
    {
      "commandName": "clear",
      "args": [
        "[qlo_updatelastname]"
      ],
      "result": "success",
      "subLogs": [
        {
          "commandName": "findElement",
          "args": [
            "{value=//*[@id='lastname'], using=xpath}"
          ],
          "result": "id: 0.5310025428487555-3",
          "subLogs": [],
          "duration": 20
        },
        {
          "commandName": "findElement",
          "args": [
            "By.xpath: //*[@id='lastname']",
            "{}"
          ],
          "result": "OK",
          "subLogs": [],
          "duration": -1
        },
        {
          "commandName": "clearElement",
          "args": [
            "By.xpath: //*[@id='lastname']",
            "{\"id\":\"0.5310025428487555-3\"}"
          ],
          "result": "clearElement:null",
          "subLogs": [],
          "duration": 60
        }
      ],
      "duration": -1
    },
    {
      "commandName": "sendKeys",
      "args": [
        "[Maheswari1, qlo_updatelastname]"
      ],
      "result": "success",
      "subLogs": [
        {
          "commandName": "findElement",
          "args": [
            "{value=//*[@id='lastname'], using=xpath}"
          ],
          "result": "id: 0.5310025428487555-3",
          "subLogs": [],
          "duration": 15
        },
        {
          "commandName": "findElement",
          "args": [
            "By.xpath: //*[@id='lastname']",
            "{}"
          ],
          "result": "OK",
          "subLogs": [],
          "duration": -1
        },
        {
          "commandName": "sendKeysToElement",
          "args": [
            "By.xpath: //*[@id='lastname']",
            "{\"value\":[\"Maheswari1\"],\"id\":\"0.5310025428487555-3\"}"
          ],
          "result": "sendKeysToElement:null",
          "subLogs": [],
          "duration": 70
        }
      ],
      "duration": -1
    },
    {
      "commandName": "findElement",
      "args": [
        "{value=//*[@id='days'], using=xpath}"
      ],
      "result": "id: 0.5310025428487555-4",
      "subLogs": [],
      "duration": 16
    },
    {
      "commandName": "findElement",
      "args": [
        "By.xpath: //*[@id='days']",
        "{}"
      ],
      "result": "OK",
      "subLogs": [],
      "duration": -1
    },
    {
      "commandName": "sendKeysToElement",
      "args": [
        "By.xpath: //*[@id='days']",
        "{\"value\":[\"4  \"],\"id\":\"0.5310025428487555-4\"}"
      ],
      "result": "sendKeysToElement:null",
      "subLogs": [],
      "duration": 64
    },
    {
      "commandName": "findElement",
      "args": [
        "{value=//*[@id='months'], using=xpath}"
      ],
      "result": "id: 0.5310025428487555-5",
      "subLogs": [],
      "duration": 17
    },
    {
      "commandName": "findElement",
      "args": [
        "By.xpath: //*[@id='months']",
        "{}"
      ],
      "result": "OK",
      "subLogs": [],
      "duration": -1
    },
    {
      "commandName": "sendKeysToElement",
      "args": [
        "By.xpath: //*[@id='months']",
        "{\"value\":[\"April  \"],\"id\":\"0.5310025428487555-5\"}"
      ],
      "result": "sendKeysToElement:null",
      "subLogs": [],
      "duration": 64
    },
    {
      "commandName": "findElement",
      "args": [
        "{value=//*[@id='years'], using=xpath}"
      ],
      "result": "id: 0.5310025428487555-6",
      "subLogs": [],
      "duration": 16
    },
    {
      "commandName": "findElement",
      "args": [
        "By.xpath: //*[@id='years']",
        "{}"
      ],
      "result": "OK",
      "subLogs": [],
      "duration": -1
    },
    {
      "commandName": "sendKeysToElement",
      "args": [
        "By.xpath: //*[@id='years']",
        "{\"value\":[\"2015    \"],\"id\":\"0.5310025428487555-6\"}"
      ],
      "result": "sendKeysToElement:null",
      "subLogs": [],
      "duration": 73
    },
    {
      "commandName": "sendKeys",
      "args": [
        "[Test@123, qlo_oldpassword]"
      ],
      "result": "success",
      "subLogs": [
        {
          "commandName": "findElement",
          "args": [
            "{value=//*[@id='old_passwd'], using=xpath}"
          ],
          "result": "id: 0.5310025428487555-7",
          "subLogs": [],
          "duration": 14
        },
        {
          "commandName": "findElement",
          "args": [
            "By.xpath: //*[@id='old_passwd']",
            "{}"
          ],
          "result": "OK",
          "subLogs": [],
          "duration": -1
        },
        {
          "commandName": "sendKeysToElement",
          "args": [
            "By.xpath: //*[@id='old_passwd']",
            "{\"value\":[\"Test@123\"],\"id\":\"0.5310025428487555-7\"}"
          ],
          "result": "sendKeysToElement:null",
          "subLogs": [],
          "duration": 67
        }
      ],
      "duration": -1
    },
    {
      "commandName": "sendKeys",
      "args": [
        "[Test@2021, qlo_newpassword]"
      ],
      "result": "success",
      "subLogs": [
        {
          "commandName": "findElement",
          "args": [
            "{value=//*[@id='passwd'], using=xpath}"
          ],
          "result": "id: 0.5310025428487555-8",
          "subLogs": [],
          "duration": 10
        },
        {
          "commandName": "findElement",
          "args": [
            "By.xpath: //*[@id='passwd']",
            "{}"
          ],
          "result": "OK",
          "subLogs": [],
          "duration": -1
        },
        {
          "commandName": "sendKeysToElement",
          "args": [
            "By.xpath: //*[@id='passwd']",
            "{\"value\":[\"Test@2021\"],\"id\":\"0.5310025428487555-8\"}"
          ],
          "result": "sendKeysToElement:null",
          "subLogs": [],
          "duration": 71
        }
      ],
      "duration": -1
    },
    {
      "commandName": "sendKeys",
      "args": [
        "[Test@2021, qlo_confirmpassword]"
      ],
      "result": "fail",
      "subLogs": [
        {
          "commandName": "findElement",
          "args": [
            "{value=//*[@id=confirmation'], using=xpath}"
          ],
          "result": "invalid selector: Unable to locate an element with the xpath expression //*[@id=confirmation'] because of the following error:\nSyntaxError: Failed to execute 'evaluate' on 'Document': The string '//*[@id=confirmation']' is not a valid XPath expression.\n  (Session info: chrome=91.0.4472.77)\n  (Driver info: chromedriver=91.0.4472.19 (1bf021f248676a0b2ab3ee0561d83a59e424c23e-refs/branch-heads/4472@{#288}),platform=Windows NT 10.0.19042 x86_64) (WARNING: The server did not provide any stacktrace information)\nCommand duration or timeout: 25 milliseconds\nFor documentation on this error, please visit: http://seleniumhq.org/exceptions/invalid_selector_exception.html\nBuild info: version: '3.0.0', revision: '350cf60', time: '2016-10-13 10:48:57 -0700'\nSystem info: host: 'LAPTOP-HKP3MAF8', ip: '192.168.43.169', os.name: 'Windows 10', os.arch: 'amd64', os.version: '10.0', java.version: '15.0.1'\nDriver info: com.qmetry.qaf.automation.ui.webdriver.QAFExtendedWebDriver\nCapabilities [{mobileEmulationEnabled=false, timeouts={implicit=0, pageLoad=300000, script=30000}, hasTouchScreen=false, platform=XP, acceptSslCerts=false, goog:chromeOptions={debuggerAddress=localhost:61619}, acceptInsecureCerts=false, webStorageEnabled=true, browserName=chrome, takesScreenshot=true, javascriptEnabled=true, setWindowRect=true, webauthn:extension:largeBlob=true, unexpectedAlertBehaviour=ignore, applicationCacheEnabled=false, rotatable=false, networkConnectionEnabled=false, chrome={chromedriverVersion=91.0.4472.19 (1bf021f248676a0b2ab3ee0561d83a59e424c23e-refs/branch-heads/4472@{#288}), userDataDir=C:\\Users\\VISHWA~1\\AppData\\Local\\Temp\\scoped_dir5144_356163124}, takesHeapSnapshot=true, pageLoadStrategy=normal, strictFileInteractability=false, databaseEnabled=false, handlesAlerts=true, version=91.0.4472.77, browserConnectionEnabled=false, proxy={}, nativeEvents=true, locationContextEnabled=true, cssSelectorsEnabled=true, webauthn:virtualAuthenticators=true}]\nSession ID: d478e34939296e91edee1fa732126c26\n*** Element info: {Using=xpath, value=//*[@id=confirmation']}",
          "subLogs": [],
          "duration": 27
        },
        {
          "commandName": "findElement",
          "args": [
            "{value=//*[@id=confirmation'], using=xpath}"
          ],
          "result": "invalid selector: Unable to locate an element with the xpath expression //*[@id=confirmation'] because of the following error:\nSyntaxError: Failed to execute 'evaluate' on 'Document': The string '//*[@id=confirmation']' is not a valid XPath expression.\n  (Session info: chrome=91.0.4472.77)\n  (Driver info: chromedriver=91.0.4472.19 (1bf021f248676a0b2ab3ee0561d83a59e424c23e-refs/branch-heads/4472@{#288}),platform=Windows NT 10.0.19042 x86_64) (WARNING: The server did not provide any stacktrace information)\nCommand duration or timeout: 31 milliseconds\nFor documentation on this error, please visit: http://seleniumhq.org/exceptions/invalid_selector_exception.html\nBuild info: version: '3.0.0', revision: '350cf60', time: '2016-10-13 10:48:57 -0700'\nSystem info: host: 'LAPTOP-HKP3MAF8', ip: '192.168.43.169', os.name: 'Windows 10', os.arch: 'amd64', os.version: '10.0', java.version: '15.0.1'\nDriver info: com.qmetry.qaf.automation.ui.webdriver.QAFExtendedWebDriver\nCapabilities [{mobileEmulationEnabled=false, timeouts={implicit=0, pageLoad=300000, script=30000}, hasTouchScreen=false, platform=XP, acceptSslCerts=false, goog:chromeOptions={debuggerAddress=localhost:61619}, acceptInsecureCerts=false, webStorageEnabled=true, browserName=chrome, takesScreenshot=true, javascriptEnabled=true, setWindowRect=true, webauthn:extension:largeBlob=true, unexpectedAlertBehaviour=ignore, applicationCacheEnabled=false, rotatable=false, networkConnectionEnabled=false, chrome={chromedriverVersion=91.0.4472.19 (1bf021f248676a0b2ab3ee0561d83a59e424c23e-refs/branch-heads/4472@{#288}), userDataDir=C:\\Users\\VISHWA~1\\AppData\\Local\\Temp\\scoped_dir5144_356163124}, takesHeapSnapshot=true, pageLoadStrategy=normal, strictFileInteractability=false, databaseEnabled=false, handlesAlerts=true, version=91.0.4472.77, browserConnectionEnabled=false, proxy={}, nativeEvents=true, locationContextEnabled=true, cssSelectorsEnabled=true, webauthn:virtualAuthenticators=true}]\nSession ID: d478e34939296e91edee1fa732126c26\n*** Element info: {Using=xpath, value=//*[@id=confirmation']}",
          "subLogs": [],
          "duration": 33
        },
        {
          "commandName": "findElement",
          "args": [
            "{value=//*[@id=confirmation'], using=xpath}"
          ],
          "result": "invalid selector: Unable to locate an element with the xpath expression //*[@id=confirmation'] because of the following error:\nSyntaxError: Failed to execute 'evaluate' on 'Document': The string '//*[@id=confirmation']' is not a valid XPath expression.\n  (Session info: chrome=91.0.4472.77)\n  (Driver info: chromedriver=91.0.4472.19 (1bf021f248676a0b2ab3ee0561d83a59e424c23e-refs/branch-heads/4472@{#288}),platform=Windows NT 10.0.19042 x86_64) (WARNING: The server did not provide any stacktrace information)\nCommand duration or timeout: 24 milliseconds\nFor documentation on this error, please visit: http://seleniumhq.org/exceptions/invalid_selector_exception.html\nBuild info: version: '3.0.0', revision: '350cf60', time: '2016-10-13 10:48:57 -0700'\nSystem info: host: 'LAPTOP-HKP3MAF8', ip: '192.168.43.169', os.name: 'Windows 10', os.arch: 'amd64', os.version: '10.0', java.version: '15.0.1'\nDriver info: com.qmetry.qaf.automation.ui.webdriver.QAFExtendedWebDriver\nCapabilities [{mobileEmulationEnabled=false, timeouts={implicit=0, pageLoad=300000, script=30000}, hasTouchScreen=false, platform=XP, acceptSslCerts=false, goog:chromeOptions={debuggerAddress=localhost:61619}, acceptInsecureCerts=false, webStorageEnabled=true, browserName=chrome, takesScreenshot=true, javascriptEnabled=true, setWindowRect=true, webauthn:extension:largeBlob=true, unexpectedAlertBehaviour=ignore, applicationCacheEnabled=false, rotatable=false, networkConnectionEnabled=false, chrome={chromedriverVersion=91.0.4472.19 (1bf021f248676a0b2ab3ee0561d83a59e424c23e-refs/branch-heads/4472@{#288}), userDataDir=C:\\Users\\VISHWA~1\\AppData\\Local\\Temp\\scoped_dir5144_356163124}, takesHeapSnapshot=true, pageLoadStrategy=normal, strictFileInteractability=false, databaseEnabled=false, handlesAlerts=true, version=91.0.4472.77, browserConnectionEnabled=false, proxy={}, nativeEvents=true, locationContextEnabled=true, cssSelectorsEnabled=true, webauthn:virtualAuthenticators=true}]\nSession ID: d478e34939296e91edee1fa732126c26\n*** Element info: {Using=xpath, value=//*[@id=confirmation']}",
          "subLogs": [],
          "duration": 25
        },
        {
          "commandName": "findElement",
          "args": [
            "{value=//*[@id=confirmation'], using=xpath}"
          ],
          "result": "invalid selector: Unable to locate an element with the xpath expression //*[@id=confirmation'] because of the following error:\nSyntaxError: Failed to execute 'evaluate' on 'Document': The string '//*[@id=confirmation']' is not a valid XPath expression.\n  (Session info: chrome=91.0.4472.77)\n  (Driver info: chromedriver=91.0.4472.19 (1bf021f248676a0b2ab3ee0561d83a59e424c23e-refs/branch-heads/4472@{#288}),platform=Windows NT 10.0.19042 x86_64) (WARNING: The server did not provide any stacktrace information)\nCommand duration or timeout: 23 milliseconds\nFor documentation on this error, please visit: http://seleniumhq.org/exceptions/invalid_selector_exception.html\nBuild info: version: '3.0.0', revision: '350cf60', time: '2016-10-13 10:48:57 -0700'\nSystem info: host: 'LAPTOP-HKP3MAF8', ip: '192.168.43.169', os.name: 'Windows 10', os.arch: 'amd64', os.version: '10.0', java.version: '15.0.1'\nDriver info: com.qmetry.qaf.automation.ui.webdriver.QAFExtendedWebDriver\nCapabilities [{mobileEmulationEnabled=false, timeouts={implicit=0, pageLoad=300000, script=30000}, hasTouchScreen=false, platform=XP, acceptSslCerts=false, goog:chromeOptions={debuggerAddress=localhost:61619}, acceptInsecureCerts=false, webStorageEnabled=true, browserName=chrome, takesScreenshot=true, javascriptEnabled=true, setWindowRect=true, webauthn:extension:largeBlob=true, unexpectedAlertBehaviour=ignore, applicationCacheEnabled=false, rotatable=false, networkConnectionEnabled=false, chrome={chromedriverVersion=91.0.4472.19 (1bf021f248676a0b2ab3ee0561d83a59e424c23e-refs/branch-heads/4472@{#288}), userDataDir=C:\\Users\\VISHWA~1\\AppData\\Local\\Temp\\scoped_dir5144_356163124}, takesHeapSnapshot=true, pageLoadStrategy=normal, strictFileInteractability=false, databaseEnabled=false, handlesAlerts=true, version=91.0.4472.77, browserConnectionEnabled=false, proxy={}, nativeEvents=true, locationContextEnabled=true, cssSelectorsEnabled=true, webauthn:virtualAuthenticators=true}]\nSession ID: d478e34939296e91edee1fa732126c26\n*** Element info: {Using=xpath, value=//*[@id=confirmation']}",
          "subLogs": [],
          "duration": 24
        },
        {
          "commandName": "findElement",
          "args": [
            "{value=//*[@id=confirmation'], using=xpath}"
          ],
          "result": "invalid selector: Unable to locate an element with the xpath expression //*[@id=confirmation'] because of the following error:\nSyntaxError: Failed to execute 'evaluate' on 'Document': The string '//*[@id=confirmation']' is not a valid XPath expression.\n  (Session info: chrome=91.0.4472.77)\n  (Driver info: chromedriver=91.0.4472.19 (1bf021f248676a0b2ab3ee0561d83a59e424c23e-refs/branch-heads/4472@{#288}),platform=Windows NT 10.0.19042 x86_64) (WARNING: The server did not provide any stacktrace information)\nCommand duration or timeout: 22 milliseconds\nFor documentation on this error, please visit: http://seleniumhq.org/exceptions/invalid_selector_exception.html\nBuild info: version: '3.0.0', revision: '350cf60', time: '2016-10-13 10:48:57 -0700'\nSystem info: host: 'LAPTOP-HKP3MAF8', ip: '192.168.43.169', os.name: 'Windows 10', os.arch: 'amd64', os.version: '10.0', java.version: '15.0.1'\nDriver info: com.qmetry.qaf.automation.ui.webdriver.QAFExtendedWebDriver\nCapabilities [{mobileEmulationEnabled=false, timeouts={implicit=0, pageLoad=300000, script=30000}, hasTouchScreen=false, platform=XP, acceptSslCerts=false, goog:chromeOptions={debuggerAddress=localhost:61619}, acceptInsecureCerts=false, webStorageEnabled=true, browserName=chrome, takesScreenshot=true, javascriptEnabled=true, setWindowRect=true, webauthn:extension:largeBlob=true, unexpectedAlertBehaviour=ignore, applicationCacheEnabled=false, rotatable=false, networkConnectionEnabled=false, chrome={chromedriverVersion=91.0.4472.19 (1bf021f248676a0b2ab3ee0561d83a59e424c23e-refs/branch-heads/4472@{#288}), userDataDir=C:\\Users\\VISHWA~1\\AppData\\Local\\Temp\\scoped_dir5144_356163124}, takesHeapSnapshot=true, pageLoadStrategy=normal, strictFileInteractability=false, databaseEnabled=false, handlesAlerts=true, version=91.0.4472.77, browserConnectionEnabled=false, proxy={}, nativeEvents=true, locationContextEnabled=true, cssSelectorsEnabled=true, webauthn:virtualAuthenticators=true}]\nSession ID: d478e34939296e91edee1fa732126c26\n*** Element info: {Using=xpath, value=//*[@id=confirmation']}",
          "subLogs": [],
          "duration": 23
        },
        {
          "commandName": "findElement",
          "args": [
            "{value=//*[@id=confirmation'], using=xpath}"
          ],
          "result": "invalid selector: Unable to locate an element with the xpath expression //*[@id=confirmation'] because of the following error:\nSyntaxError: Failed to execute 'evaluate' on 'Document': The string '//*[@id=confirmation']' is not a valid XPath expression.\n  (Session info: chrome=91.0.4472.77)\n  (Driver info: chromedriver=91.0.4472.19 (1bf021f248676a0b2ab3ee0561d83a59e424c23e-refs/branch-heads/4472@{#288}),platform=Windows NT 10.0.19042 x86_64) (WARNING: The server did not provide any stacktrace information)\nCommand duration or timeout: 24 milliseconds\nFor documentation on this error, please visit: http://seleniumhq.org/exceptions/invalid_selector_exception.html\nBuild info: version: '3.0.0', revision: '350cf60', time: '2016-10-13 10:48:57 -0700'\nSystem info: host: 'LAPTOP-HKP3MAF8', ip: '192.168.43.169', os.name: 'Windows 10', os.arch: 'amd64', os.version: '10.0', java.version: '15.0.1'\nDriver info: com.qmetry.qaf.automation.ui.webdriver.QAFExtendedWebDriver\nCapabilities [{mobileEmulationEnabled=false, timeouts={implicit=0, pageLoad=300000, script=30000}, hasTouchScreen=false, platform=XP, acceptSslCerts=false, goog:chromeOptions={debuggerAddress=localhost:61619}, acceptInsecureCerts=false, webStorageEnabled=true, browserName=chrome, takesScreenshot=true, javascriptEnabled=true, setWindowRect=true, webauthn:extension:largeBlob=true, unexpectedAlertBehaviour=ignore, applicationCacheEnabled=false, rotatable=false, networkConnectionEnabled=false, chrome={chromedriverVersion=91.0.4472.19 (1bf021f248676a0b2ab3ee0561d83a59e424c23e-refs/branch-heads/4472@{#288}), userDataDir=C:\\Users\\VISHWA~1\\AppData\\Local\\Temp\\scoped_dir5144_356163124}, takesHeapSnapshot=true, pageLoadStrategy=normal, strictFileInteractability=false, databaseEnabled=false, handlesAlerts=true, version=91.0.4472.77, browserConnectionEnabled=false, proxy={}, nativeEvents=true, locationContextEnabled=true, cssSelectorsEnabled=true, webauthn:virtualAuthenticators=true}]\nSession ID: d478e34939296e91edee1fa732126c26\n*** Element info: {Using=xpath, value=//*[@id=confirmation']}",
          "subLogs": [],
          "duration": 25
        },
        {
          "commandName": "findElement",
          "args": [
            "{value=//*[@id=confirmation'], using=xpath}"
          ],
          "result": "invalid selector: Unable to locate an element with the xpath expression //*[@id=confirmation'] because of the following error:\nSyntaxError: Failed to execute 'evaluate' on 'Document': The string '//*[@id=confirmation']' is not a valid XPath expression.\n  (Session info: chrome=91.0.4472.77)\n  (Driver info: chromedriver=91.0.4472.19 (1bf021f248676a0b2ab3ee0561d83a59e424c23e-refs/branch-heads/4472@{#288}),platform=Windows NT 10.0.19042 x86_64) (WARNING: The server did not provide any stacktrace information)\nCommand duration or timeout: 23 milliseconds\nFor documentation on this error, please visit: http://seleniumhq.org/exceptions/invalid_selector_exception.html\nBuild info: version: '3.0.0', revision: '350cf60', time: '2016-10-13 10:48:57 -0700'\nSystem info: host: 'LAPTOP-HKP3MAF8', ip: '192.168.43.169', os.name: 'Windows 10', os.arch: 'amd64', os.version: '10.0', java.version: '15.0.1'\nDriver info: com.qmetry.qaf.automation.ui.webdriver.QAFExtendedWebDriver\nCapabilities [{mobileEmulationEnabled=false, timeouts={implicit=0, pageLoad=300000, script=30000}, hasTouchScreen=false, platform=XP, acceptSslCerts=false, goog:chromeOptions={debuggerAddress=localhost:61619}, acceptInsecureCerts=false, webStorageEnabled=true, browserName=chrome, takesScreenshot=true, javascriptEnabled=true, setWindowRect=true, webauthn:extension:largeBlob=true, unexpectedAlertBehaviour=ignore, applicationCacheEnabled=false, rotatable=false, networkConnectionEnabled=false, chrome={chromedriverVersion=91.0.4472.19 (1bf021f248676a0b2ab3ee0561d83a59e424c23e-refs/branch-heads/4472@{#288}), userDataDir=C:\\Users\\VISHWA~1\\AppData\\Local\\Temp\\scoped_dir5144_356163124}, takesHeapSnapshot=true, pageLoadStrategy=normal, strictFileInteractability=false, databaseEnabled=false, handlesAlerts=true, version=91.0.4472.77, browserConnectionEnabled=false, proxy={}, nativeEvents=true, locationContextEnabled=true, cssSelectorsEnabled=true, webauthn:virtualAuthenticators=true}]\nSession ID: d478e34939296e91edee1fa732126c26\n*** Element info: {Using=xpath, value=//*[@id=confirmation']}",
          "subLogs": [],
          "duration": 24
        },
        {
          "commandName": "findElement",
          "args": [
            "{value=//*[@id=confirmation'], using=xpath}"
          ],
          "result": "invalid selector: Unable to locate an element with the xpath expression //*[@id=confirmation'] because of the following error:\nSyntaxError: Failed to execute 'evaluate' on 'Document': The string '//*[@id=confirmation']' is not a valid XPath expression.\n  (Session info: chrome=91.0.4472.77)\n  (Driver info: chromedriver=91.0.4472.19 (1bf021f248676a0b2ab3ee0561d83a59e424c23e-refs/branch-heads/4472@{#288}),platform=Windows NT 10.0.19042 x86_64) (WARNING: The server did not provide any stacktrace information)\nCommand duration or timeout: 24 milliseconds\nFor documentation on this error, please visit: http://seleniumhq.org/exceptions/invalid_selector_exception.html\nBuild info: version: '3.0.0', revision: '350cf60', time: '2016-10-13 10:48:57 -0700'\nSystem info: host: 'LAPTOP-HKP3MAF8', ip: '192.168.43.169', os.name: 'Windows 10', os.arch: 'amd64', os.version: '10.0', java.version: '15.0.1'\nDriver info: com.qmetry.qaf.automation.ui.webdriver.QAFExtendedWebDriver\nCapabilities [{mobileEmulationEnabled=false, timeouts={implicit=0, pageLoad=300000, script=30000}, hasTouchScreen=false, platform=XP, acceptSslCerts=false, goog:chromeOptions={debuggerAddress=localhost:61619}, acceptInsecureCerts=false, webStorageEnabled=true, browserName=chrome, takesScreenshot=true, javascriptEnabled=true, setWindowRect=true, webauthn:extension:largeBlob=true, unexpectedAlertBehaviour=ignore, applicationCacheEnabled=false, rotatable=false, networkConnectionEnabled=false, chrome={chromedriverVersion=91.0.4472.19 (1bf021f248676a0b2ab3ee0561d83a59e424c23e-refs/branch-heads/4472@{#288}), userDataDir=C:\\Users\\VISHWA~1\\AppData\\Local\\Temp\\scoped_dir5144_356163124}, takesHeapSnapshot=true, pageLoadStrategy=normal, strictFileInteractability=false, databaseEnabled=false, handlesAlerts=true, version=91.0.4472.77, browserConnectionEnabled=false, proxy={}, nativeEvents=true, locationContextEnabled=true, cssSelectorsEnabled=true, webauthn:virtualAuthenticators=true}]\nSession ID: d478e34939296e91edee1fa732126c26\n*** Element info: {Using=xpath, value=//*[@id=confirmation']}",
          "subLogs": [],
          "duration": 25
        },
        {
          "commandName": "findElement",
          "args": [
            "{value=//*[@id=confirmation'], using=xpath}"
          ],
          "result": "invalid selector: Unable to locate an element with the xpath expression //*[@id=confirmation'] because of the following error:\nSyntaxError: Failed to execute 'evaluate' on 'Document': The string '//*[@id=confirmation']' is not a valid XPath expression.\n  (Session info: chrome=91.0.4472.77)\n  (Driver info: chromedriver=91.0.4472.19 (1bf021f248676a0b2ab3ee0561d83a59e424c23e-refs/branch-heads/4472@{#288}),platform=Windows NT 10.0.19042 x86_64) (WARNING: The server did not provide any stacktrace information)\nCommand duration or timeout: 23 milliseconds\nFor documentation on this error, please visit: http://seleniumhq.org/exceptions/invalid_selector_exception.html\nBuild info: version: '3.0.0', revision: '350cf60', time: '2016-10-13 10:48:57 -0700'\nSystem info: host: 'LAPTOP-HKP3MAF8', ip: '192.168.43.169', os.name: 'Windows 10', os.arch: 'amd64', os.version: '10.0', java.version: '15.0.1'\nDriver info: com.qmetry.qaf.automation.ui.webdriver.QAFExtendedWebDriver\nCapabilities [{mobileEmulationEnabled=false, timeouts={implicit=0, pageLoad=300000, script=30000}, hasTouchScreen=false, platform=XP, acceptSslCerts=false, goog:chromeOptions={debuggerAddress=localhost:61619}, acceptInsecureCerts=false, webStorageEnabled=true, browserName=chrome, takesScreenshot=true, javascriptEnabled=true, setWindowRect=true, webauthn:extension:largeBlob=true, unexpectedAlertBehaviour=ignore, applicationCacheEnabled=false, rotatable=false, networkConnectionEnabled=false, chrome={chromedriverVersion=91.0.4472.19 (1bf021f248676a0b2ab3ee0561d83a59e424c23e-refs/branch-heads/4472@{#288}), userDataDir=C:\\Users\\VISHWA~1\\AppData\\Local\\Temp\\scoped_dir5144_356163124}, takesHeapSnapshot=true, pageLoadStrategy=normal, strictFileInteractability=false, databaseEnabled=false, handlesAlerts=true, version=91.0.4472.77, browserConnectionEnabled=false, proxy={}, nativeEvents=true, locationContextEnabled=true, cssSelectorsEnabled=true, webauthn:virtualAuthenticators=true}]\nSession ID: d478e34939296e91edee1fa732126c26\n*** Element info: {Using=xpath, value=//*[@id=confirmation']}",
          "subLogs": [],
          "duration": 24
        },
        {
          "commandName": "findElement",
          "args": [
            "{value=//*[@id=confirmation'], using=xpath}"
          ],
          "result": "invalid selector: Unable to locate an element with the xpath expression //*[@id=confirmation'] because of the following error:\nSyntaxError: Failed to execute 'evaluate' on 'Document': The string '//*[@id=confirmation']' is not a valid XPath expression.\n  (Session info: chrome=91.0.4472.77)\n  (Driver info: chromedriver=91.0.4472.19 (1bf021f248676a0b2ab3ee0561d83a59e424c23e-refs/branch-heads/4472@{#288}),platform=Windows NT 10.0.19042 x86_64) (WARNING: The server did not provide any stacktrace information)\nCommand duration or timeout: 33 milliseconds\nFor documentation on this error, please visit: http://seleniumhq.org/exceptions/invalid_selector_exception.html\nBuild info: version: '3.0.0', revision: '350cf60', time: '2016-10-13 10:48:57 -0700'\nSystem info: host: 'LAPTOP-HKP3MAF8', ip: '192.168.43.169', os.name: 'Windows 10', os.arch: 'amd64', os.version: '10.0', java.version: '15.0.1'\nDriver info: com.qmetry.qaf.automation.ui.webdriver.QAFExtendedWebDriver\nCapabilities [{mobileEmulationEnabled=false, timeouts={implicit=0, pageLoad=300000, script=30000}, hasTouchScreen=false, platform=XP, acceptSslCerts=false, goog:chromeOptions={debuggerAddress=localhost:61619}, acceptInsecureCerts=false, webStorageEnabled=true, browserName=chrome, takesScreenshot=true, javascriptEnabled=true, setWindowRect=true, webauthn:extension:largeBlob=true, unexpectedAlertBehaviour=ignore, applicationCacheEnabled=false, rotatable=false, networkConnectionEnabled=false, chrome={chromedriverVersion=91.0.4472.19 (1bf021f248676a0b2ab3ee0561d83a59e424c23e-refs/branch-heads/4472@{#288}), userDataDir=C:\\Users\\VISHWA~1\\AppData\\Local\\Temp\\scoped_dir5144_356163124}, takesHeapSnapshot=true, pageLoadStrategy=normal, strictFileInteractability=false, databaseEnabled=false, handlesAlerts=true, version=91.0.4472.77, browserConnectionEnabled=false, proxy={}, nativeEvents=true, locationContextEnabled=true, cssSelectorsEnabled=true, webauthn:virtualAuthenticators=true}]\nSession ID: d478e34939296e91edee1fa732126c26\n*** Element info: {Using=xpath, value=//*[@id=confirmation']}",
          "subLogs": [],
          "duration": 33
        },
        {
          "commandName": "findElement",
          "args": [
            "{value=//*[@id=confirmation'], using=xpath}"
          ],
          "result": "invalid selector: Unable to locate an element with the xpath expression //*[@id=confirmation'] because of the following error:\nSyntaxError: Failed to execute 'evaluate' on 'Document': The string '//*[@id=confirmation']' is not a valid XPath expression.\n  (Session info: chrome=91.0.4472.77)\n  (Driver info: chromedriver=91.0.4472.19 (1bf021f248676a0b2ab3ee0561d83a59e424c23e-refs/branch-heads/4472@{#288}),platform=Windows NT 10.0.19042 x86_64) (WARNING: The server did not provide any stacktrace information)\nCommand duration or timeout: 24 milliseconds\nFor documentation on this error, please visit: http://seleniumhq.org/exceptions/invalid_selector_exception.html\nBuild info: version: '3.0.0', revision: '350cf60', time: '2016-10-13 10:48:57 -0700'\nSystem info: host: 'LAPTOP-HKP3MAF8', ip: '192.168.43.169', os.name: 'Windows 10', os.arch: 'amd64', os.version: '10.0', java.version: '15.0.1'\nDriver info: com.qmetry.qaf.automation.ui.webdriver.QAFExtendedWebDriver\nCapabilities [{mobileEmulationEnabled=false, timeouts={implicit=0, pageLoad=300000, script=30000}, hasTouchScreen=false, platform=XP, acceptSslCerts=false, goog:chromeOptions={debuggerAddress=localhost:61619}, acceptInsecureCerts=false, webStorageEnabled=true, browserName=chrome, takesScreenshot=true, javascriptEnabled=true, setWindowRect=true, webauthn:extension:largeBlob=true, unexpectedAlertBehaviour=ignore, applicationCacheEnabled=false, rotatable=false, networkConnectionEnabled=false, chrome={chromedriverVersion=91.0.4472.19 (1bf021f248676a0b2ab3ee0561d83a59e424c23e-refs/branch-heads/4472@{#288}), userDataDir=C:\\Users\\VISHWA~1\\AppData\\Local\\Temp\\scoped_dir5144_356163124}, takesHeapSnapshot=true, pageLoadStrategy=normal, strictFileInteractability=false, databaseEnabled=false, handlesAlerts=true, version=91.0.4472.77, browserConnectionEnabled=false, proxy={}, nativeEvents=true, locationContextEnabled=true, cssSelectorsEnabled=true, webauthn:virtualAuthenticators=true}]\nSession ID: d478e34939296e91edee1fa732126c26\n*** Element info: {Using=xpath, value=//*[@id=confirmation']}",
          "subLogs": [],
          "duration": 24
        },
        {
          "commandName": "sendKeysToElement",
          "args": [
            "By.xpath: //*[@id=confirmation']",
            "{\"value\":[\"Test@2021\"],\"id\":\"-1\"}"
          ],
          "result": "Timed out after 10 seconds waiting for presence of element located by: By.xpath: //*[@id=confirmation']\nBuild info: version: '3.0.0', revision: '350cf60', time: '2016-10-13 10:48:57 -0700'\nSystem info: host: 'LAPTOP-HKP3MAF8', ip: '192.168.43.169', os.name: 'Windows 10', os.arch: 'amd64', os.version: '10.0', java.version: '15.0.1'\nDriver info: driver.version: QAFExtendedWebDriver",
          "subLogs": [],
          "duration": -276324916
        },
        {
          "commandName": "findElements",
          "args": [
            "{value=//*[@id=confirmation'], using=xpath}"
          ],
          "result": "invalid selector: Unable to locate an element with the xpath expression //*[@id=confirmation'] because of the following error:\nSyntaxError: Failed to execute 'evaluate' on 'Document': The string '//*[@id=confirmation']' is not a valid XPath expression.\n  (Session info: chrome=91.0.4472.77)\n  (Driver info: chromedriver=91.0.4472.19 (1bf021f248676a0b2ab3ee0561d83a59e424c23e-refs/branch-heads/4472@{#288}),platform=Windows NT 10.0.19042 x86_64) (WARNING: The server did not provide any stacktrace information)\nCommand duration or timeout: 35 milliseconds\nFor documentation on this error, please visit: http://seleniumhq.org/exceptions/invalid_selector_exception.html\nBuild info: version: '3.0.0', revision: '350cf60', time: '2016-10-13 10:48:57 -0700'\nSystem info: host: 'LAPTOP-HKP3MAF8', ip: '192.168.43.169', os.name: 'Windows 10', os.arch: 'amd64', os.version: '10.0', java.version: '15.0.1'\nDriver info: com.qmetry.qaf.automation.ui.webdriver.QAFExtendedWebDriver\nCapabilities [{mobileEmulationEnabled=false, timeouts={implicit=0, pageLoad=300000, script=30000}, hasTouchScreen=false, platform=XP, acceptSslCerts=false, goog:chromeOptions={debuggerAddress=localhost:61619}, acceptInsecureCerts=false, webStorageEnabled=true, browserName=chrome, takesScreenshot=true, javascriptEnabled=true, setWindowRect=true, webauthn:extension:largeBlob=true, unexpectedAlertBehaviour=ignore, applicationCacheEnabled=false, rotatable=false, networkConnectionEnabled=false, chrome={chromedriverVersion=91.0.4472.19 (1bf021f248676a0b2ab3ee0561d83a59e424c23e-refs/branch-heads/4472@{#288}), userDataDir=C:\\Users\\VISHWA~1\\AppData\\Local\\Temp\\scoped_dir5144_356163124}, takesHeapSnapshot=true, pageLoadStrategy=normal, strictFileInteractability=false, databaseEnabled=false, handlesAlerts=true, version=91.0.4472.77, browserConnectionEnabled=false, proxy={}, nativeEvents=true, locationContextEnabled=true, cssSelectorsEnabled=true, webauthn:virtualAuthenticators=true}]\nSession ID: d478e34939296e91edee1fa732126c26\n*** Element info: {Using=xpath, value=//*[@id=confirmation']}",
          "subLogs": [],
          "duration": 36
        }
      ],
      "duration": -1
    }
  ],
  "checkPoints": [
    {
      "message": "get 'https://demo.qloapps.com/en/'",
      "type": "TestStepPass",
      "screenshot": null,
      "duration": 13056,
      "threshold": 0,
      "subCheckPoints": []
    },
    {
      "message": "click on 'qlo_sign_in'",
      "type": "TestStepPass",
      "screenshot": null,
      "duration": 6237,
      "threshold": 0,
      "subCheckPoints": []
    },
    {
      "message": "clear 'qlo_loginemail'",
      "type": "TestStepPass",
      "screenshot": null,
      "duration": 64,
      "threshold": 0,
      "subCheckPoints": []
    },
    {
      "message": "sendKeys 'test9@gmail.com' into 'qlo_loginemail'",
      "type": "TestStepPass",
      "screenshot": null,
      "duration": 97,
      "threshold": 0,
      "subCheckPoints": []
    },
    {
      "message": "clear 'qlo_loginpassword'",
      "type": "TestStepPass",
      "screenshot": null,
      "duration": 78,
      "threshold": 0,
      "subCheckPoints": []
    },
    {
      "message": "sendKeys 'Test@123' into 'qlo_loginpassword'",
      "type": "TestStepPass",
      "screenshot": null,
      "duration": 95,
      "threshold": 0,
      "subCheckPoints": []
    },
    {
      "message": "click on 'qlo_submitsignin'",
      "type": "TestStepPass",
      "screenshot": null,
      "duration": 9796,
      "threshold": 0,
      "subCheckPoints": []
    },
    {
      "message": "click on 'qlo_personal'",
      "type": "TestStepPass",
      "screenshot": null,
      "duration": 2251,
      "threshold": 0,
      "subCheckPoints": []
    },
    {
      "message": "clear 'qlo_updatefirstname'",
      "type": "TestStepPass",
      "screenshot": null,
      "duration": 111,
      "threshold": 0,
      "subCheckPoints": []
    },
    {
      "message": "sendKeys 'Uma1' into 'qlo_updatefirstname'",
      "type": "TestStepPass",
      "screenshot": null,
      "duration": 101,
      "threshold": 0,
      "subCheckPoints": []
    },
    {
      "message": "clear 'qlo_updatelastname'",
      "type": "TestStepPass",
      "screenshot": null,
      "duration": 82,
      "threshold": 0,
      "subCheckPoints": []
    },
    {
      "message": "sendKeys 'Maheswari1' into 'qlo_updatelastname'",
      "type": "TestStepPass",
      "screenshot": null,
      "duration": 87,
      "threshold": 0,
      "subCheckPoints": []
    },
    {
      "message": "sendKeys 'Test@123' into 'qlo_oldpassword'",
      "type": "TestStepPass",
      "screenshot": null,
      "duration": 84,
      "threshold": 0,
      "subCheckPoints": []
    },
    {
      "message": "sendKeys 'Test@2021' into 'qlo_newpassword'",
      "type": "TestStepPass",
      "screenshot": null,
      "duration": 84,
      "threshold": 0,
      "subCheckPoints": []
    },
    {
      "message": "sendKeys 'Test@2021' into 'qlo_confirmpassword'",
      "type": "TestStepFail",
      "screenshot": "img/AddressTest_uitgqg1h721515633.png",
      "duration": 10406,
      "threshold": 0,
      "subCheckPoints": [
        {
          "message": "org.openqa.selenium.TimeoutException: Timed out after 10 seconds waiting for presence of element located by: By.xpath: //*[@id=confirmation']\nBuild info: version: '3.0.0', revision: '350cf60', time: '2016-10-13 10:48:57 -0700'\nSystem info: host: 'LAPTOP-HKP3MAF8', ip: '192.168.43.169', os.name: 'Windows 10', os.arch: 'amd64', os.version: '10.0', java.version: '15.0.1'\nDriver info: driver.version: QAFExtendedWebDriver",
          "type": "Fail",
          "screenshot": null,
          "duration": 0,
          "threshold": 0,
          "subCheckPoints": []
        }
      ]
    }
  ],
  "errorTrace": "org.openqa.selenium.TimeoutException: Timed out after 10 seconds waiting for presence of element located by: By.xpath: //*[@id=confirmation']\nBuild info: version: '3.0.0', revision: '350cf60', time: '2016-10-13 10:48:57 -0700'\nSystem info: host: 'LAPTOP-HKP3MAF8', ip: '192.168.43.169', os.name: 'Windows 10', os.arch: 'amd64', os.version: '10.0', java.version: '15.0.1'\nDriver info: driver.version: QAFExtendedWebDriver\r\n\tat com.qmetry.qaf.automation.ui.util.DynamicWait.until(DynamicWait.java:168)\r\n\tat com.qmetry.qaf.automation.ui.webdriver.QAFExtendedWebDriver.load(QAFExtendedWebDriver.java:213)\r\n\tat com.qmetry.qaf.automation.ui.webdriver.QAFExtendedWebElement.load(QAFExtendedWebElement.java:302)\r\n\tat com.qmetry.qaf.automation.ui.webdriver.QAFExtendedWebElement.execute(QAFExtendedWebElement.java:249)\r\n\tat org.openqa.selenium.remote.RemoteWebElement.sendKeys(RemoteWebElement.java:98)\r\n\tat com.qmetry.qaf.automation.step.CommonStep.sendKeys_aroundBody6(CommonStep.java:111)\r\n\tat com.qmetry.qaf.automation.step.CommonStep$AjcClosure7.run(CommonStep.java:1)\r\n\tat org.aspectj.runtime.reflect.JoinPointImpl.proceed(JoinPointImpl.java:149)\r\n\tat com.qmetry.qaf.automation.step.JavaStepReporter$MockJavaStep.doExecute(JavaStepReporter.java:130)\r\n\tat com.qmetry.qaf.automation.step.BaseTestStep.execute(BaseTestStep.java:149)\r\n\tat com.qmetry.qaf.automation.step.JavaStepReporter.javaTestStep(JavaStepReporter.java:80)\r\n\tat com.qmetry.qaf.automation.step.CommonStep.sendKeys(CommonStep.java:110)\r\n\tat qaf.example.demo.tests.PersonaldetailsupdateTest.AddressTest(PersonaldetailsupdateTest.java:41)\r\n\tat java.base/jdk.internal.reflect.NativeMethodAccessorImpl.invoke0(Native Method)\r\n\tat java.base/jdk.internal.reflect.NativeMethodAccessorImpl.invoke(NativeMethodAccessorImpl.java:64)\r\n\tat java.base/jdk.internal.reflect.DelegatingMethodAccessorImpl.invoke(DelegatingMethodAccessorImpl.java:43)\r\n\tat java.base/java.lang.reflect.Method.invoke(Method.java:564)\r\n\tat org.testng.internal.MethodInvocationHelper.invokeMethod(MethodInvocationHelper.java:104)\r\n\tat org.testng.internal.Invoker.invokeMethod(Invoker.java:645)\r\n\tat org.testng.internal.Invoker.invokeTestMethod(Invoker.java:851)\r\n\tat org.testng.internal.Invoker.invokeTestMethods(Invoker.java:1177)\r\n\tat org.testng.internal.TestMethodWorker.invokeTestMethods(TestMethodWorker.java:129)\r\n\tat org.testng.internal.TestMethodWorker.run(TestMethodWorker.java:112)\r\n\tat org.testng.TestRunner.privateRun(TestRunner.java:756)\r\n\tat org.testng.TestRunner.run(TestRunner.java:610)\r\n\tat org.testng.SuiteRunner.runTest(SuiteRunner.java:387)\r\n\tat org.testng.SuiteRunner.runSequentially(SuiteRunner.java:382)\r\n\tat org.testng.SuiteRunner.privateRun(SuiteRunner.java:340)\r\n\tat org.testng.SuiteRunner.run(SuiteRunner.java:289)\r\n\tat org.testng.SuiteRunnerWorker.runSuite(SuiteRunnerWorker.java:52)\r\n\tat org.testng.SuiteRunnerWorker.run(SuiteRunnerWorker.java:86)\r\n\tat org.testng.TestNG.runSuitesSequentially(TestNG.java:1293)\r\n\tat org.testng.TestNG.runSuitesLocally(TestNG.java:1218)\r\n\tat org.testng.TestNG.runSuites(TestNG.java:1133)\r\n\tat org.testng.TestNG.run(TestNG.java:1104)\r\n\tat org.testng.remote.AbstractRemoteTestNG.run(AbstractRemoteTestNG.java:115)\r\n\tat org.testng.remote.RemoteTestNG.initAndRun(RemoteTestNG.java:251)\r\n\tat org.testng.remote.RemoteTestNG.main(RemoteTestNG.java:77)\r\nCaused by: org.openqa.selenium.InvalidSelectorException: invalid selector: Unable to locate an element with the xpath expression //*[@id=confirmation'] because of the following error:\nSyntaxError: Failed to execute 'evaluate' on 'Document': The string '//*[@id=confirmation']' is not a valid XPath expression.\n  (Session info: chrome=91.0.4472.77)\n  (Driver info: chromedriver=91.0.4472.19 (1bf021f248676a0b2ab3ee0561d83a59e424c23e-refs/branch-heads/4472@{#288}),platform=Windows NT 10.0.19042 x86_64) (WARNING: The server did not provide any stacktrace information)\nCommand duration or timeout: 24 milliseconds\nFor documentation on this error, please visit: http://seleniumhq.org/exceptions/invalid_selector_exception.html\nBuild info: version: '3.0.0', revision: '350cf60', time: '2016-10-13 10:48:57 -0700'\nSystem info: host: 'LAPTOP-HKP3MAF8', ip: '192.168.43.169', os.name: 'Windows 10', os.arch: 'amd64', os.version: '10.0', java.version: '15.0.1'\nDriver info: com.qmetry.qaf.automation.ui.webdriver.QAFExtendedWebDriver\nCapabilities [{mobileEmulationEnabled=false, timeouts={implicit=0, pageLoad=300000, script=30000}, hasTouchScreen=false, platform=XP, acceptSslCerts=false, goog:chromeOptions={debuggerAddress=localhost:61619}, acceptInsecureCerts=false, webStorageEnabled=true, browserName=chrome, takesScreenshot=true, javascriptEnabled=true, setWindowRect=true, webauthn:extension:largeBlob=true, unexpectedAlertBehaviour=ignore, applicationCacheEnabled=false, rotatable=false, networkConnectionEnabled=false, chrome={chromedriverVersion=91.0.4472.19 (1bf021f248676a0b2ab3ee0561d83a59e424c23e-refs/branch-heads/4472@{#288}), userDataDir=C:\\Users\\VISHWA~1\\AppData\\Local\\Temp\\scoped_dir5144_356163124}, takesHeapSnapshot=true, pageLoadStrategy=normal, strictFileInteractability=false, databaseEnabled=false, handlesAlerts=true, version=91.0.4472.77, browserConnectionEnabled=false, proxy={}, nativeEvents=true, locationContextEnabled=true, cssSelectorsEnabled=true, webauthn:virtualAuthenticators=true}]\nSession ID: d478e34939296e91edee1fa732126c26\n*** Element info: {Using=xpath, value=//*[@id=confirmation']}\r\n\tat java.base/jdk.internal.reflect.NativeConstructorAccessorImpl.newInstance0(Native Method)\r\n\tat java.base/jdk.internal.reflect.NativeConstructorAccessorImpl.newInstance(NativeConstructorAccessorImpl.java:64)\r\n\tat java.base/jdk.internal.reflect.DelegatingConstructorAccessorImpl.newInstance(DelegatingConstructorAccessorImpl.java:45)\r\n\tat java.base/java.lang.reflect.Constructor.newInstanceWithCaller(Constructor.java:500)\r\n\tat java.base/java.lang.reflect.Constructor.newInstance(Constructor.java:481)\r\n\tat org.openqa.selenium.remote.ErrorHandler.createThrowable(ErrorHandler.java:216)\r\n\tat org.openqa.selenium.remote.ErrorHandler.throwIfResponseFailed(ErrorHandler.java:168)\r\n\tat org.openqa.selenium.remote.RemoteWebDriver.execute(RemoteWebDriver.java:635)\r\n\tat com.qmetry.qaf.automation.ui.webdriver.QAFExtendedWebDriver.execute(QAFExtendedWebDriver.java:233)\r\n\tat org.openqa.selenium.remote.RemoteWebDriver.findElement(RemoteWebDriver.java:368)\r\n\tat org.openqa.selenium.remote.RemoteWebDriver.findElementByXPath(RemoteWebDriver.java:473)\r\n\tat com.qmetry.qaf.automation.ui.webdriver.QAFExtendedWebDriver.findElementByXPath(QAFExtendedWebDriver.java:396)\r\n\tat com.qmetry.qaf.automation.ui.webdriver.QAFExtendedWebDriver.findElementByXPath(QAFExtendedWebDriver.java:1)\r\n\tat org.openqa.selenium.By$ByXPath.findElement(By.java:361)\r\n\tat org.openqa.selenium.remote.RemoteWebDriver.findElement(RemoteWebDriver.java:360)\r\n\tat com.qmetry.qaf.automation.ui.webdriver.QAFExtendedWebDriver.findElement(QAFExtendedWebDriver.java:169)\r\n\tat com.qmetry.qaf.automation.ui.webdriver.QAFExtendedWebDriver.findElement(QAFExtendedWebDriver.java:1)\r\n\tat org.openqa.selenium.support.ui.ExpectedConditions.findElement(ExpectedConditions.java:895)\r\n\tat org.openqa.selenium.support.ui.ExpectedConditions.access$000(ExpectedConditions.java:41)\r\n\tat org.openqa.selenium.support.ui.ExpectedConditions$6.apply(ExpectedConditions.java:181)\r\n\tat org.openqa.selenium.support.ui.ExpectedConditions$6.apply(ExpectedConditions.java:178)\r\n\tat com.qmetry.qaf.automation.ui.util.DynamicWait.until(DynamicWait.java:147)\r\n\t... 37 more\r\n"
}