<?xml version="1.0" encoding="UTF-8"?>
<!-- Generated by org.testng.reporters.JUnitReportReporter -->
<testsuite ignored="0" hostname="LAPTOP-HKP3MAF8" failures="0" tests="1" name="com.qmetry.qaf.automation.step.client.Scenario" time="11.803" errors="1" timestamp="01 Jun 2021 10:05:53 GMT" skipped="0">
  <testcase classname="com.qmetry.qaf.automation.step.client.Scenario" name="SampleTest" time="11.803">
    <error message="Timed out after 10 seconds waiting for presence of element located by: By.xpath: //*[@id=&quot;input&quot;]
Build info: version: &#039;3.0.0&#039;, revision: &#039;350cf60&#039;, time: &#039;2016-10-13 10:48:57 -0700&#039;
System info: host: &#039;LAPTOP-HKP3MAF8&#039;, ip: &#039;192.168.43.169&#039;, os.name: &#039;Windows 10&#039;, os.arch: &#039;amd64&#039;, os.version: &#039;10.0&#039;, java.version: &#039;15.0.1&#039;
Driver info: driver.version: QAFExtendedWebDriver" type="org.openqa.selenium.TimeoutException">
      <![CDATA[org.openqa.selenium.TimeoutException: Timed out after 10 seconds waiting for presence of element located by: By.xpath: //*[@id="input"]
Build info: version: '3.0.0', revision: '350cf60', time: '2016-10-13 10:48:57 -0700'
System info: host: 'LAPTOP-HKP3MAF8', ip: '192.168.43.169', os.name: 'Windows 10', os.arch: 'amd64', os.version: '10.0', java.version: '15.0.1'
Driver info: driver.version: QAFExtendedWebDriver
	at .When search for 'qaf github infostretch'(scenarios/suite1.bdd:7)
	at com.qmetry.qaf.automation.ui.util.DynamicWait.until(DynamicWait.java:168)
	at com.qmetry.qaf.automation.ui.webdriver.QAFExtendedWebDriver.load(QAFExtendedWebDriver.java:213)
	at com.qmetry.qaf.automation.ui.webdriver.QAFExtendedWebElement.load(QAFExtendedWebElement.java:302)
	at com.qmetry.qaf.automation.ui.webdriver.QAFExtendedWebElement.execute(QAFExtendedWebElement.java:249)
	at org.openqa.selenium.remote.RemoteWebElement.sendKeys(RemoteWebElement.java:98)
	at com.qmetry.qaf.automation.step.CommonStep.sendKeys_aroundBody6(CommonStep.java:111)
	at com.qmetry.qaf.automation.step.JavaStepReporter.javaTestStep(JavaStepReporter.java:93)
	at com.qmetry.qaf.automation.step.CommonStep.sendKeys(CommonStep.java:110)
	at qaf.example.steps.StepsLibrary.searchFor(StepsLibrary.java:13)
	at com.qmetry.qaf.automation.step.JavaStep.doExecute(JavaStep.java:150)
	at com.qmetry.qaf.automation.step.BaseTestStep.execute(BaseTestStep.java:149)
	at com.qmetry.qaf.automation.step.StringTestStep.execute(StringTestStep.java:127)
	at com.qmetry.qaf.automation.step.client.Scenario.execute(Scenario.java:174)
	at com.qmetry.qaf.automation.step.client.Scenario.scenario(Scenario.java:237)
Caused by: org.openqa.selenium.WebDriverException: Returned value cannot be converted to WebElement: {stacktrace=Backtrace:
	Ordinal0 [0x00A6A113+1548563]
	Ordinal0 [0x009EDDA1+1039777]
	Ordinal0 [0x0096E32E+516910]
	Ordinal0 [0x00901179+70009]
	Ordinal0 [0x009196F7+169719]
	Ordinal0 [0x009180D0+164048]
	Ordinal0 [0x00917CAA+162986]
	Ordinal0 [0x008F221E+8734]
	Ordinal0 [0x008F2606+9734]
	Ordinal0 [0x008F2C80+11392]
	Ordinal0 [0x00A071B7+1143223]
	GetHandleVerifier [0x00B02B46+507814]
	GetHandleVerifier [0x00B02864+507076]
	GetHandleVerifier [0x00B09F47+537511]
	GetHandleVerifier [0x00B03402+510050]
	Ordinal0 [0x009FF29C+1110684]
	Ordinal0 [0x008F204E+8270]
	Ordinal0 [0x008F1D99+7577]
	GetHandleVerifier [0x00D9DE3C+3240604]
	BaseThreadInitThunk [0x75D3FA29+25]
	RtlGetAppContainerNamedObjectPath [0x77927A7E+286]
	RtlGetAppContainerNamedObjectPath [0x77927A4E+238]
, error=invalid session id, message=invalid session id}
Build info: version: '3.0.0', revision: '350cf60', time: '2016-10-13 10:48:57 -0700'
System info: host: 'LAPTOP-HKP3MAF8', ip: '192.168.43.169', os.name: 'Windows 10', os.arch: 'amd64', os.version: '10.0', java.version: '15.0.1'
Driver info: driver.version: QAFExtendedWebDriver
	at org.openqa.selenium.remote.RemoteWebDriver.findElement(RemoteWebDriver.java:375)
	at org.openqa.selenium.remote.RemoteWebDriver.findElementByXPath(RemoteWebDriver.java:473)
	at com.qmetry.qaf.automation.ui.webdriver.QAFExtendedWebDriver.findElementByXPath(QAFExtendedWebDriver.java:396)
	at com.qmetry.qaf.automation.ui.webdriver.QAFExtendedWebDriver.findElementByXPath(QAFExtendedWebDriver.java:1)
	at org.openqa.selenium.By$ByXPath.findElement(By.java:361)
	at org.openqa.selenium.remote.RemoteWebDriver.findElement(RemoteWebDriver.java:360)
	at com.qmetry.qaf.automation.ui.webdriver.QAFExtendedWebDriver.findElement(QAFExtendedWebDriver.java:169)
	at com.qmetry.qaf.automation.ui.webdriver.QAFExtendedWebDriver.findElement(QAFExtendedWebDriver.java:1)
	at org.openqa.selenium.support.ui.ExpectedConditions.findElement(ExpectedConditions.java:895)
	at org.openqa.selenium.support.ui.ExpectedConditions.access$000(ExpectedConditions.java:41)
	at org.openqa.selenium.support.ui.ExpectedConditions$6.apply(ExpectedConditions.java:181)
	at org.openqa.selenium.support.ui.ExpectedConditions$6.apply(ExpectedConditions.java:178)
	at com.qmetry.qaf.automation.ui.util.DynamicWait.until(DynamicWait.java:147)
	at com.qmetry.qaf.automation.ui.webdriver.QAFExtendedWebDriver.load(QAFExtendedWebDriver.java:213)
	at com.qmetry.qaf.automation.ui.webdriver.QAFExtendedWebElement.load(QAFExtendedWebElement.java:302)
	at com.qmetry.qaf.automation.ui.webdriver.QAFExtendedWebElement.execute(QAFExtendedWebElement.java:249)
	at org.openqa.selenium.remote.RemoteWebElement.sendKeys(RemoteWebElement.java:98)
	at com.qmetry.qaf.automation.step.CommonStep.sendKeys_aroundBody6(CommonStep.java:111)
	at com.qmetry.qaf.automation.step.CommonStep$AjcClosure7.run(CommonStep.java:1)
	at org.aspectj.runtime.reflect.JoinPointImpl.proceed(JoinPointImpl.java:149)
	at com.qmetry.qaf.automation.step.JavaStepReporter.javaTestStep(JavaStepReporter.java:93)
	at com.qmetry.qaf.automation.step.CommonStep.sendKeys(CommonStep.java:110)
	at qaf.example.steps.StepsLibrary.searchFor(StepsLibrary.java:13)
	at java.base/jdk.internal.reflect.NativeMethodAccessorImpl.invoke0(Native Method)
	at java.base/jdk.internal.reflect.NativeMethodAccessorImpl.invoke(NativeMethodAccessorImpl.java:64)
	at java.base/jdk.internal.reflect.DelegatingMethodAccessorImpl.invoke(DelegatingMethodAccessorImpl.java:43)
	at java.base/java.lang.reflect.Method.invoke(Method.java:564)
	at com.qmetry.qaf.automation.step.JavaStep.doExecute(JavaStep.java:150)
	at com.qmetry.qaf.automation.step.BaseTestStep.execute(BaseTestStep.java:149)
	at com.qmetry.qaf.automation.step.StringTestStep.execute(StringTestStep.java:127)
	at com.qmetry.qaf.automation.step.client.Scenario.execute(Scenario.java:174)
	at com.qmetry.qaf.automation.step.client.Scenario.scenario(Scenario.java:237)
	at java.base/jdk.internal.reflect.NativeMethodAccessorImpl.invoke0(Native Method)
	at java.base/jdk.internal.reflect.NativeMethodAccessorImpl.invoke(NativeMethodAccessorImpl.java:64)
	at java.base/jdk.internal.reflect.DelegatingMethodAccessorImpl.invoke(DelegatingMethodAccessorImpl.java:43)
	at java.base/java.lang.reflect.Method.invoke(Method.java:564)
	at org.testng.internal.MethodInvocationHelper.invokeMethod(MethodInvocationHelper.java:104)
	at org.testng.internal.Invoker.invokeMethod(Invoker.java:645)
	at org.testng.internal.Invoker.invokeTestMethod(Invoker.java:851)
	at org.testng.internal.Invoker.invokeTestMethods(Invoker.java:1177)
	at org.testng.internal.TestMethodWorker.invokeTestMethods(TestMethodWorker.java:129)
	at org.testng.internal.TestMethodWorker.run(TestMethodWorker.java:112)
	at org.testng.TestRunner.privateRun(TestRunner.java:756)
	at org.testng.TestRunner.run(TestRunner.java:610)
	at org.testng.SuiteRunner.runTest(SuiteRunner.java:387)
	at org.testng.SuiteRunner.runSequentially(SuiteRunner.java:382)
	at org.testng.SuiteRunner.privateRun(SuiteRunner.java:340)
	at org.testng.SuiteRunner.run(SuiteRunner.java:289)
	at org.testng.SuiteRunnerWorker.runSuite(SuiteRunnerWorker.java:52)
	at org.testng.SuiteRunnerWorker.run(SuiteRunnerWorker.java:86)
	at org.testng.TestNG.runSuitesSequentially(TestNG.java:1293)
	at org.testng.TestNG.runSuitesLocally(TestNG.java:1218)
	at org.testng.TestNG.runSuites(TestNG.java:1133)
	at org.testng.TestNG.run(TestNG.java:1104)
	at org.testng.remote.AbstractRemoteTestNG.run(AbstractRemoteTestNG.java:115)
	at org.testng.remote.RemoteTestNG.initAndRun(RemoteTestNG.java:251)
	at org.testng.remote.RemoteTestNG.main(RemoteTestNG.java:77)
Caused by: java.lang.ClassCastException: class com.google.common.collect.Maps$TransformedEntriesMap cannot be cast to class org.openqa.selenium.WebElement (com.google.common.collect.Maps$TransformedEntriesMap and org.openqa.selenium.WebElement are in unnamed module of loader 'app')
	at org.openqa.selenium.remote.RemoteWebDriver.findElement(RemoteWebDriver.java:373)
	... 56 more
]]>
    </error>
  </testcase> <!-- SampleTest -->
</testsuite> <!-- com.qmetry.qaf.automation.step.client.Scenario -->
