<?xml version="1.0" encoding="UTF-8"?>
<!-- Generated by org.testng.reporters.JUnitXMLReporter -->
<testsuite ignored="0" hostname="DESKTOP-0QAANOK" failures="1" tests="18" name="Test" time="407.725" errors="0" timestamp="2021-05-18T20:26:59 IST">
  <testcase classname="com.website.testcases.TC_CreateAcc" name="CreateAcc" time="5.313"/>
  <testcase classname="com.website.testcases.TC_Verify_Title" name="verify_Title" time="1.448"/>
  <testcase classname="com.website.testcases.TC_Apply_Filter_select_product" name="apply_filter" time="23.889"/>
  <testcase classname="com.website.testcases.TC_Add_To_cart" name="added" time="20.13"/>
  <testcase classname="com.website.testcases.TC_View_cart" name="viewed" time="26.952"/>
  <testcase classname="com.website.testcases.TC_Livechat_invalid_credentials" name="LiveChat" time="10.182"/>
  <testcase classname="com.website.testcases.TC_Zip_code" name="apply" time="24.313"/>
  <testcase classname="com.website.testcases.TC_search_product" name="Test_Search_product" time="0.816"/>
  <testcase classname="com.website.testcases.TC_Scroll_up_down" name="scroll" time="0.813"/>
  <testcase classname="com.website.testcases.TC_Verify_Home" name="Verify_Home_Page" time="8.461"/>
  <testcase classname="com.website.testcases.TC_Logout" name="logout" time="11.167"/>
  <testcase classname="com.website.testcases.TC_Logo" name="visible" time="2.234"/>
  <testcase classname="com.website.testcases.TC_Remove" name="remove" time="27.887"/>
  <testcase classname="com.website.testcases.TC_Inc_Quantity" name="increase" time="26.597"/>
  <testcase classname="com.website.testcases.TC_Apply_code" name="apply" time="27.26"/>
  <testcase classname="com.website.testcases.TC_Select_Ceiling" name="Select_Test" time="2.964">
    <failure type="org.openqa.selenium.ElementClickInterceptedException" message="element click intercepted: Element &amp;lt;a href=&amp;quot;https://www.ylighting.com/chandeliers/&amp;quot; title=&amp;quot;...&amp;quot;&amp;gt;All Chandeliers&amp;lt;/a&amp;gt; is not clickable at point (721, 253). Other element would receive the click: &amp;lt;h1&amp;gt;...&amp;lt;/h1&amp;gt;
  (Session info: chrome=90.0.4430.212)
Build info: version: &amp;apos;3.141.59&amp;apos;, revision: &amp;apos;e82be7d358&amp;apos;, time: &amp;apos;2018-11-14T08:17:03&amp;apos;
System info: host: &amp;apos;DESKTOP-0QAANOK&amp;apos;, ip: &amp;apos;192.168.29.45&amp;apos;, os.name: &amp;apos;Windows 10&amp;apos;, os.arch: &amp;apos;amd64&amp;apos;, os.version: &amp;apos;10.0&amp;apos;, java.version: &amp;apos;15.0.2&amp;apos;
Driver info: org.openqa.selenium.chrome.ChromeDriver
Capabilities {acceptInsecureCerts: false, browserName: chrome, browserVersion: 90.0.4430.212, chrome: {chromedriverVersion: 89.0.4389.23 (61b08ee2c5002..., userDataDir: C:\Users\POORNI~1\AppData\L...}, goog:chromeOptions: {debuggerAddress: localhost:64991}, javascriptEnabled: true, networkConnectionEnabled: false, pageLoadStrategy: normal, platform: WINDOWS, platformName: WINDOWS, proxy: Proxy(), setWindowRect: true, strictFileInteractability: false, timeouts: {implicit: 0, pageLoad: 300000, script: 30000}, unhandledPromptBehavior: dismiss and notify, webauthn:extension:largeBlob: true, webauthn:virtualAuthenticators: true}
Session ID: 3481c3e59c26ccd7ed89e2bfe78d1432">
      <![CDATA[org.openqa.selenium.ElementClickInterceptedException: element click intercepted: Element <a href="https://www.ylighting.com/chandeliers/" title="...">All Chandeliers</a> is not clickable at point (721, 253). Other element would receive the click: <h1>...</h1>
  (Session info: chrome=90.0.4430.212)
Build info: version: '3.141.59', revision: 'e82be7d358', time: '2018-11-14T08:17:03'
System info: host: 'DESKTOP-0QAANOK', ip: '192.168.29.45', os.name: 'Windows 10', os.arch: 'amd64', os.version: '10.0', java.version: '15.0.2'
Driver info: org.openqa.selenium.chrome.ChromeDriver
Capabilities {acceptInsecureCerts: false, browserName: chrome, browserVersion: 90.0.4430.212, chrome: {chromedriverVersion: 89.0.4389.23 (61b08ee2c5002..., userDataDir: C:\Users\POORNI~1\AppData\L...}, goog:chromeOptions: {debuggerAddress: localhost:64991}, javascriptEnabled: true, networkConnectionEnabled: false, pageLoadStrategy: normal, platform: WINDOWS, platformName: WINDOWS, proxy: Proxy(), setWindowRect: true, strictFileInteractability: false, timeouts: {implicit: 0, pageLoad: 300000, script: 30000}, unhandledPromptBehavior: dismiss and notify, webauthn:extension:largeBlob: true, webauthn:virtualAuthenticators: true}
Session ID: 3481c3e59c26ccd7ed89e2bfe78d1432
at org.openqa.selenium.remote.http.W3CHttpResponseCodec.createException(W3CHttpResponseCodec.java:187)
at org.openqa.selenium.remote.http.W3CHttpResponseCodec.decode(W3CHttpResponseCodec.java:122)
at org.openqa.selenium.remote.http.W3CHttpResponseCodec.decode(W3CHttpResponseCodec.java:49)
at org.openqa.selenium.remote.HttpCommandExecutor.execute(HttpCommandExecutor.java:158)
at org.openqa.selenium.remote.service.DriverCommandExecutor.execute(DriverCommandExecutor.java:83)
at org.openqa.selenium.remote.RemoteWebDriver.execute(RemoteWebDriver.java:552)
at org.openqa.selenium.remote.RemoteWebElement.execute(RemoteWebElement.java:285)
at org.openqa.selenium.remote.RemoteWebElement.click(RemoteWebElement.java:84)
at org.openqa.selenium.support.pagefactory.internal.LocatingElementHandler.invoke(LocatingElementHandler.java:51)
at com.sun.proxy.$Proxy13.click(Unknown Source)
at com.website.pages.Select_Ceiling.WebElements(Select_Ceiling.java:56)
at com.website.testcases.TC_Select_Ceiling.Select_Test(TC_Select_Ceiling.java:17)
at java.base/java.util.ArrayList.forEach(ArrayList.java:1511)
... Removed 35 stack frames]]>
    </failure>
  </testcase> <!-- Select_Test -->
  <testcase classname="com.website.testcases.TC_Signin_YLighting" name="SigninTest" time="1.067"/>
  <testcase classname="com.website.testcases.TC_LiveChat" name="LiveChat" time="9.662"/>
</testsuite> <!-- Test -->
