<html>
<head>
<title>TestNG:  Test</title>
<link href="../testng.css" rel="stylesheet" type="text/css" />
<link href="../my-testng.css" rel="stylesheet" type="text/css" />

<style type="text/css">
.log { display: none;} 
.stack-trace { display: none;} 
</style>
<script type="text/javascript">
<!--
function flip(e) {
  current = e.style.display;
  if (current == 'block') {
    e.style.display = 'none';
    return 0;
  }
  else {
    e.style.display = 'block';
    return 1;
  }
}

function toggleBox(szDivId, elem, msg1, msg2)
{
  var res = -1;  if (document.getElementById) {
    res = flip(document.getElementById(szDivId));
  }
  else if (document.all) {
    // this is the way old msie versions work
    res = flip(document.all[szDivId]);
  }
  if(elem) {
    if(res == 0) elem.innerHTML = msg1; else elem.innerHTML = msg2;
  }

}

function toggleAllBoxes() {
  if (document.getElementsByTagName) {
    d = document.getElementsByTagName('div');
    for (i = 0; i < d.length; i++) {
      if (d[i].className == 'log') {
        flip(d[i]);
      }
    }
  }
}

// -->
</script>

</head>
<body>
<h2 align='center'>Test</h2><table border='1' align="center">
<tr>
<td>Tests passed/Failed/Skipped:</td><td>17/1/0</td>
</tr><tr>
<td>Started on:</td><td>Tue May 18 20:20:11 IST 2021</td>
</tr>
<tr><td>Total time:</td><td>407 seconds (407725 ms)</td>
</tr><tr>
<td>Included groups:</td><td></td>
</tr><tr>
<td>Excluded groups:</td><td></td>
</tr>
</table><p/>
<small><i>(Hover the method name to see the test class name)</i></small><p/>
<table width='100%' border='1' class='invocation-failed'>
<tr><td colspan='4' align='center'><b>FAILED TESTS</b></td></tr>
<tr><td><b>Test method</b></td>
<td width="30%"><b>Exception</b></td>
<td width="10%"><b>Time (seconds)</b></td>
<td><b>Instance</b></td>
</tr>
<tr>
<td title='com.website.testcases.TC_Select_Ceiling.Select_Test()'><b>Select_Test</b><br>Test class: com.website.testcases.TC_Select_Ceiling</td>
<td><div><pre>org.openqa.selenium.ElementClickInterceptedException: element click intercepted: Element &lt;a href=&quot;https://www.ylighting.com/chandeliers/&quot; title=&quot;...&quot;&gt;All Chandeliers&lt;/a&gt; is not clickable at point (721, 253). Other element would receive the click: &lt;h1&gt;...&lt;/h1&gt;
  (Session info: chrome=90.0.4430.212)
Build info: version: &apos;3.141.59&apos;, revision: &apos;e82be7d358&apos;, time: &apos;2018-11-14T08:17:03&apos;
System info: host: &apos;DESKTOP-0QAANOK&apos;, ip: &apos;192.168.29.45&apos;, os.name: &apos;Windows 10&apos;, os.arch: &apos;amd64&apos;, os.version: &apos;10.0&apos;, java.version: &apos;15.0.2&apos;
Driver info: org.openqa.selenium.chrome.ChromeDriver
Capabilities {acceptInsecureCerts: false, browserName: chrome, browserVersion: 90.0.4430.212, chrome: {chromedriverVersion: 89.0.4389.23 (61b08ee2c5002..., userDataDir: C:\Users\POORNI~1\AppData\L...}, goog:chromeOptions: {debuggerAddress: localhost:64991}, javascriptEnabled: true, networkConnectionEnabled: false, pageLoadStrategy: normal, platform: WINDOWS, platformName: WINDOWS, proxy: Proxy(), setWindowRect: true, strictFileInteractability: false, timeouts: {implicit: 0, pageLoad: 300000, script: 30000}, unhandledPromptBehavior: dismiss and notify, webauthn:extension:largeBlob: true, webauthn:virtualAuthenticators: true}
Session ID: 3481c3e59c26ccd7ed89e2bfe78d1432
	at org.openqa.selenium.remote.http.W3CHttpResponseCodec.createException(W3CHttpResponseCodec.java:187)
	at org.openqa.selenium.remote.http.W3CHttpResponseCodec.decode(W3CHttpResponseCodec.java:122)
	at org.openqa.selenium.remote.http.W3CHttpResponseCodec.decode(W3CHttpResponseCodec.java:49)
	at org.openqa.selenium.remote.HttpCommandExecutor.execute(HttpCommandExecutor.java:158)
	at org.openqa.selenium.remote.service.DriverCommandExecutor.execute(DriverCommandExecutor.java:83)
	at org.openqa.selenium.remote.RemoteWebDriver.execute(RemoteWebDriver.java:552)
	at org.openqa.selenium.remote.RemoteWebElement.execute(RemoteWebElement.java:285)
	at org.openqa.selenium.remote.RemoteWebElement.click(RemoteWebElement.java:84)
	at org.openqa.selenium.support.pagefactory.internal.LocatingElementHandler.invoke(LocatingElementHandler.java:51)
	at com.sun.proxy.$Proxy13.click(Unknown Source)
	at com.website.pages.Select_Ceiling.WebElements(Select_Ceiling.java:56)
	at com.website.testcases.TC_Select_Ceiling.Select_Test(TC_Select_Ceiling.java:17)
	at java.base/java.util.ArrayList.forEach(ArrayList.java:1511)
... Removed 35 stack frames</pre></div><a href='#' onClick='toggleBox("stack-trace902348321", this, "Click to show all stack frames", "Click to hide stack frames")'>Click to show all stack frames</a>
<div class='stack-trace' id='stack-trace902348321'><pre>org.openqa.selenium.ElementClickInterceptedException: element click intercepted: Element &lt;a href=&quot;https://www.ylighting.com/chandeliers/&quot; title=&quot;...&quot;&gt;All Chandeliers&lt;/a&gt; is not clickable at point (721, 253). Other element would receive the click: &lt;h1&gt;...&lt;/h1&gt;
  (Session info: chrome=90.0.4430.212)
Build info: version: &apos;3.141.59&apos;, revision: &apos;e82be7d358&apos;, time: &apos;2018-11-14T08:17:03&apos;
System info: host: &apos;DESKTOP-0QAANOK&apos;, ip: &apos;192.168.29.45&apos;, os.name: &apos;Windows 10&apos;, os.arch: &apos;amd64&apos;, os.version: &apos;10.0&apos;, java.version: &apos;15.0.2&apos;
Driver info: org.openqa.selenium.chrome.ChromeDriver
Capabilities {acceptInsecureCerts: false, browserName: chrome, browserVersion: 90.0.4430.212, chrome: {chromedriverVersion: 89.0.4389.23 (61b08ee2c5002..., userDataDir: C:\Users\POORNI~1\AppData\L...}, goog:chromeOptions: {debuggerAddress: localhost:64991}, javascriptEnabled: true, networkConnectionEnabled: false, pageLoadStrategy: normal, platform: WINDOWS, platformName: WINDOWS, proxy: Proxy(), setWindowRect: true, strictFileInteractability: false, timeouts: {implicit: 0, pageLoad: 300000, script: 30000}, unhandledPromptBehavior: dismiss and notify, webauthn:extension:largeBlob: true, webauthn:virtualAuthenticators: true}
Session ID: 3481c3e59c26ccd7ed89e2bfe78d1432
	at java.base/jdk.internal.reflect.NativeConstructorAccessorImpl.newInstance0(Native Method)
	at java.base/jdk.internal.reflect.NativeConstructorAccessorImpl.newInstance(NativeConstructorAccessorImpl.java:64)
	at java.base/jdk.internal.reflect.DelegatingConstructorAccessorImpl.newInstance(DelegatingConstructorAccessorImpl.java:45)
	at java.base/java.lang.reflect.Constructor.newInstanceWithCaller(Constructor.java:500)
	at java.base/java.lang.reflect.Constructor.newInstance(Constructor.java:481)
	at org.openqa.selenium.remote.http.W3CHttpResponseCodec.createException(W3CHttpResponseCodec.java:187)
	at org.openqa.selenium.remote.http.W3CHttpResponseCodec.decode(W3CHttpResponseCodec.java:122)
	at org.openqa.selenium.remote.http.W3CHttpResponseCodec.decode(W3CHttpResponseCodec.java:49)
	at org.openqa.selenium.remote.HttpCommandExecutor.execute(HttpCommandExecutor.java:158)
	at org.openqa.selenium.remote.service.DriverCommandExecutor.execute(DriverCommandExecutor.java:83)
	at org.openqa.selenium.remote.RemoteWebDriver.execute(RemoteWebDriver.java:552)
	at org.openqa.selenium.remote.RemoteWebElement.execute(RemoteWebElement.java:285)
	at org.openqa.selenium.remote.RemoteWebElement.click(RemoteWebElement.java:84)
	at jdk.internal.reflect.GeneratedMethodAccessor1.invoke(Unknown Source)
	at java.base/jdk.internal.reflect.DelegatingMethodAccessorImpl.invoke(DelegatingMethodAccessorImpl.java:43)
	at java.base/java.lang.reflect.Method.invoke(Method.java:564)
	at org.openqa.selenium.support.pagefactory.internal.LocatingElementHandler.invoke(LocatingElementHandler.java:51)
	at com.sun.proxy.$Proxy13.click(Unknown Source)
	at com.website.pages.Select_Ceiling.WebElements(Select_Ceiling.java:56)
	at com.website.testcases.TC_Select_Ceiling.Select_Test(TC_Select_Ceiling.java:17)
	at java.base/jdk.internal.reflect.NativeMethodAccessorImpl.invoke0(Native Method)
	at java.base/jdk.internal.reflect.NativeMethodAccessorImpl.invoke(NativeMethodAccessorImpl.java:64)
	at java.base/jdk.internal.reflect.DelegatingMethodAccessorImpl.invoke(DelegatingMethodAccessorImpl.java:43)
	at java.base/java.lang.reflect.Method.invoke(Method.java:564)
	at org.testng.internal.MethodInvocationHelper.invokeMethod(MethodInvocationHelper.java:132)
	at org.testng.internal.TestInvoker.invokeMethod(TestInvoker.java:599)
	at org.testng.internal.TestInvoker.invokeTestMethod(TestInvoker.java:174)
	at org.testng.internal.MethodRunner.runInSequence(MethodRunner.java:46)
	at org.testng.internal.TestInvoker$MethodInvocationAgent.invoke(TestInvoker.java:822)
	at org.testng.internal.TestInvoker.invokeTestMethods(TestInvoker.java:147)
	at org.testng.internal.TestMethodWorker.invokeTestMethods(TestMethodWorker.java:146)
	at org.testng.internal.TestMethodWorker.run(TestMethodWorker.java:128)
	at java.base/java.util.ArrayList.forEach(ArrayList.java:1511)
	at org.testng.TestRunner.privateRun(TestRunner.java:764)
	at org.testng.TestRunner.run(TestRunner.java:585)
	at org.testng.SuiteRunner.runTest(SuiteRunner.java:384)
	at org.testng.SuiteRunner.runSequentially(SuiteRunner.java:378)
	at org.testng.SuiteRunner.privateRun(SuiteRunner.java:337)
	at org.testng.SuiteRunner.run(SuiteRunner.java:286)
	at org.testng.SuiteRunnerWorker.runSuite(SuiteRunnerWorker.java:53)
	at org.testng.SuiteRunnerWorker.run(SuiteRunnerWorker.java:96)
	at org.testng.TestNG.runSuitesSequentially(TestNG.java:1218)
	at org.testng.TestNG.runSuitesLocally(TestNG.java:1140)
	at org.testng.TestNG.runSuites(TestNG.java:1069)
	at org.testng.TestNG.run(TestNG.java:1037)
	at org.testng.remote.AbstractRemoteTestNG.run(AbstractRemoteTestNG.java:115)
	at org.testng.remote.RemoteTestNG.initAndRun(RemoteTestNG.java:251)
	at org.testng.remote.RemoteTestNG.main(RemoteTestNG.java:77)
</pre></div></td>
<td>2</td>
<td>com.website.testcases.TC_Select_Ceiling@47c81abf</td></tr>
</table><p>
<table width='100%' border='1' class='invocation-passed'>
<tr><td colspan='4' align='center'><b>PASSED TESTS</b></td></tr>
<tr><td><b>Test method</b></td>
<td width="30%"><b>Exception</b></td>
<td width="10%"><b>Time (seconds)</b></td>
<td><b>Instance</b></td>
</tr>
<tr>
<td title='com.website.testcases.TC_CreateAcc.CreateAcc()'><b>CreateAcc</b><br>Test class: com.website.testcases.TC_CreateAcc</td>
<td></td>
<td>5</td>
<td>com.website.testcases.TC_CreateAcc@62656be4</td></tr>
<tr>
<td title='com.website.testcases.TC_Livechat_invalid_credentials.LiveChat()'><b>LiveChat</b><br>Test class: com.website.testcases.TC_Livechat_invalid_credentials</td>
<td></td>
<td>10</td>
<td>com.website.testcases.TC_Livechat_invalid_credentials@222a59e6</td></tr>
<tr>
<td title='com.website.testcases.TC_LiveChat.LiveChat()'><b>LiveChat</b><br>Test class: com.website.testcases.TC_LiveChat</td>
<td></td>
<td>9</td>
<td>com.website.testcases.TC_LiveChat@21d03963</td></tr>
<tr>
<td title='com.website.testcases.TC_Signin_YLighting.SigninTest()'><b>SigninTest</b><br>Test class: com.website.testcases.TC_Signin_YLighting</td>
<td></td>
<td>1</td>
<td>com.website.testcases.TC_Signin_YLighting@776a6d9b</td></tr>
<tr>
<td title='com.website.testcases.TC_search_product.Test_Search_product()'><b>Test_Search_product</b><br>Test class: com.website.testcases.TC_search_product</td>
<td></td>
<td>0</td>
<td>com.website.testcases.TC_search_product@4c2bb6e0</td></tr>
<tr>
<td title='com.website.testcases.TC_Verify_Home.Verify_Home_Page()'><b>Verify_Home_Page</b><br>Test class: com.website.testcases.TC_Verify_Home</td>
<td></td>
<td>8</td>
<td>com.website.testcases.TC_Verify_Home@4ef74c30</td></tr>
<tr>
<td title='com.website.testcases.TC_Add_To_cart.added()'><b>added</b><br>Test class: com.website.testcases.TC_Add_To_cart</td>
<td></td>
<td>20</td>
<td>com.website.testcases.TC_Add_To_cart@34129c78</td></tr>
<tr>
<td title='com.website.testcases.TC_Zip_code.apply()'><b>apply</b><br>Test class: com.website.testcases.TC_Zip_code</td>
<td></td>
<td>24</td>
<td>com.website.testcases.TC_Zip_code@6c7a164b</td></tr>
<tr>
<td title='com.website.testcases.TC_Apply_code.apply()'><b>apply</b><br>Test class: com.website.testcases.TC_Apply_code</td>
<td></td>
<td>27</td>
<td>com.website.testcases.TC_Apply_code@536dbea0</td></tr>
<tr>
<td title='com.website.testcases.TC_Apply_Filter_select_product.apply_filter()'><b>apply_filter</b><br>Test class: com.website.testcases.TC_Apply_Filter_select_product</td>
<td></td>
<td>23</td>
<td>com.website.testcases.TC_Apply_Filter_select_product@53f3bdbd</td></tr>
<tr>
<td title='com.website.testcases.TC_Inc_Quantity.increase()'><b>increase</b><br>Test class: com.website.testcases.TC_Inc_Quantity</td>
<td></td>
<td>26</td>
<td>com.website.testcases.TC_Inc_Quantity@3f1d2e23</td></tr>
<tr>
<td title='com.website.testcases.TC_Logout.logout()'><b>logout</b><br>Test class: com.website.testcases.TC_Logout</td>
<td></td>
<td>11</td>
<td>com.website.testcases.TC_Logout@7283d3eb</td></tr>
<tr>
<td title='com.website.testcases.TC_Remove.remove()'><b>remove</b><br>Test class: com.website.testcases.TC_Remove</td>
<td></td>
<td>27</td>
<td>com.website.testcases.TC_Remove@4bff7da0</td></tr>
<tr>
<td title='com.website.testcases.TC_Scroll_up_down.scroll()'><b>scroll</b><br>Test class: com.website.testcases.TC_Scroll_up_down</td>
<td></td>
<td>0</td>
<td>com.website.testcases.TC_Scroll_up_down@3e62d773</td></tr>
<tr>
<td title='com.website.testcases.TC_Verify_Title.verify_Title()'><b>verify_Title</b><br>Test class: com.website.testcases.TC_Verify_Title</td>
<td></td>
<td>1</td>
<td>com.website.testcases.TC_Verify_Title@17d919b6</td></tr>
<tr>
<td title='com.website.testcases.TC_View_cart.viewed()'><b>viewed</b><br>Test class: com.website.testcases.TC_View_cart</td>
<td></td>
<td>26</td>
<td>com.website.testcases.TC_View_cart@7d61eb55</td></tr>
<tr>
<td title='com.website.testcases.TC_Logo.visible()'><b>visible</b><br>Test class: com.website.testcases.TC_Logo</td>
<td></td>
<td>2</td>
<td>com.website.testcases.TC_Logo@638ef7ed</td></tr>
</table><p>
</body>
</html>