<?xml version="1.0" encoding="UTF-8"?>
<!-- Generated by org.testng.reporters.JUnitXMLReporter -->
<testsuite hostname="admin" ignored="0" name="Test" tests="18" failures="1" timestamp="2021-05-19T12:17:58 IST" time="1970.682" errors="0">
  <testcase name="create" time="10.834" classname="com.website.testcases.TC_create"/>
  <testcase name="SigninTest" time="16.691" classname="com.website.testcases.TC_Signin_YLighting"/>
  <testcase name="scroll" time="11.099" classname="com.website.testcases.TC_ScrollUp_Down"/>
  <testcase name="Test_Search_product" time="11.056" classname="com.website.testcases.TC_search_product"/>
  <testcase name="Home" time="156.931" classname="com.website.testcases.TC_VerifyHome"/>
  <testcase name="Select" time="52.525" classname="com.website.testcases.TC_CeilingLights"/>
  <testcase name="Title" time="16.449" classname="com.website.testcases.TC_VerfiyTitle"/>
  <testcase name="LiveChat" time="64.057" classname="com.website.testcases.TC_LiveChat">
    <failure type="org.openqa.selenium.NoSuchElementException" message="no such element: Unable to locate element: {&amp;quot;method&amp;quot;:&amp;quot;xpath&amp;quot;,&amp;quot;selector&amp;quot;:&amp;quot;//*[@id=&amp;quot;txt_4167837&amp;quot;]&amp;quot;}
  (Session info: chrome=90.0.4430.212)
For documentation on this error, please visit: https://www.seleniumhq.org/exceptions/no_such_element.html
Build info: version: &amp;apos;3.141.59&amp;apos;, revision: &amp;apos;e82be7d358&amp;apos;, time: &amp;apos;2018-11-14T08:25:48&amp;apos;
System info: host: &amp;apos;ADMIN&amp;apos;, ip: &amp;apos;192.168.43.75&amp;apos;, os.name: &amp;apos;Windows 8.1&amp;apos;, os.arch: &amp;apos;x86&amp;apos;, os.version: &amp;apos;6.3&amp;apos;, java.version: &amp;apos;1.8.0_291&amp;apos;
Driver info: org.openqa.selenium.chrome.ChromeDriver
Capabilities {acceptInsecureCerts: false, browserName: chrome, browserVersion: 90.0.4430.212, chrome: {chromedriverVersion: 90.0.4430.24 (4c6d850f087da..., userDataDir: C:\Users\welcome\AppData\Lo...}, goog:chromeOptions: {debuggerAddress: localhost:62759}, javascriptEnabled: true, networkConnectionEnabled: false, pageLoadStrategy: normal, platform: WINDOWS, platformName: WINDOWS, proxy: Proxy(), setWindowRect: true, strictFileInteractability: false, timeouts: {implicit: 0, pageLoad: 300000, script: 30000}, unhandledPromptBehavior: dismiss and notify, webauthn:extension:largeBlob: true, webauthn:virtualAuthenticators: true}
Session ID: cb49fdc0ac0bddb6e840b3501049d34b
*** Element info: {Using=xpath, value=//*[@id=&amp;quot;txt_4167837&amp;quot;]}">
      <![CDATA[org.openqa.selenium.NoSuchElementException: no such element: Unable to locate element: {"method":"xpath","selector":"//*[@id="txt_4167837"]"}
  (Session info: chrome=90.0.4430.212)
For documentation on this error, please visit: https://www.seleniumhq.org/exceptions/no_such_element.html
Build info: version: '3.141.59', revision: 'e82be7d358', time: '2018-11-14T08:25:48'
System info: host: 'ADMIN', ip: '192.168.43.75', os.name: 'Windows 8.1', os.arch: 'x86', os.version: '6.3', java.version: '1.8.0_291'
Driver info: org.openqa.selenium.chrome.ChromeDriver
Capabilities {acceptInsecureCerts: false, browserName: chrome, browserVersion: 90.0.4430.212, chrome: {chromedriverVersion: 90.0.4430.24 (4c6d850f087da..., userDataDir: C:\Users\welcome\AppData\Lo...}, goog:chromeOptions: {debuggerAddress: localhost:62759}, javascriptEnabled: true, networkConnectionEnabled: false, pageLoadStrategy: normal, platform: WINDOWS, platformName: WINDOWS, proxy: Proxy(), setWindowRect: true, strictFileInteractability: false, timeouts: {implicit: 0, pageLoad: 300000, script: 30000}, unhandledPromptBehavior: dismiss and notify, webauthn:extension:largeBlob: true, webauthn:virtualAuthenticators: true}
Session ID: cb49fdc0ac0bddb6e840b3501049d34b
*** Element info: {Using=xpath, value=//*[@id="txt_4167837"]}
at org.openqa.selenium.remote.http.W3CHttpResponseCodec.createException(W3CHttpResponseCodec.java:187)
at org.openqa.selenium.remote.http.W3CHttpResponseCodec.decode(W3CHttpResponseCodec.java:122)
at org.openqa.selenium.remote.http.W3CHttpResponseCodec.decode(W3CHttpResponseCodec.java:49)
at org.openqa.selenium.remote.HttpCommandExecutor.execute(HttpCommandExecutor.java:158)
at org.openqa.selenium.remote.service.DriverCommandExecutor.execute(DriverCommandExecutor.java:83)
at org.openqa.selenium.remote.RemoteWebDriver.execute(RemoteWebDriver.java:552)
at org.openqa.selenium.remote.RemoteWebDriver.findElement(RemoteWebDriver.java:323)
at org.openqa.selenium.remote.RemoteWebDriver.findElementByXPath(RemoteWebDriver.java:428)
at org.openqa.selenium.By$ByXPath.findElement(By.java:353)
at org.openqa.selenium.remote.RemoteWebDriver.findElement(RemoteWebDriver.java:315)
at org.openqa.selenium.support.pagefactory.DefaultElementLocator.findElement(DefaultElementLocator.java:69)
at org.openqa.selenium.support.pagefactory.internal.LocatingElementHandler.invoke(LocatingElementHandler.java:38)
at com.sun.proxy.$Proxy9.sendKeys(Unknown Source)
at com.website.pages.LiveChatPage.WebElements(LiveChatPage.java:45)
at com.website.testcases.TC_LiveChat.LiveChat(TC_LiveChat.java:21)
at java.util.ArrayList.forEach(Unknown Source)
... Removed 31 stack frames]]>
    </failure>
  </testcase> <!-- LiveChat -->
  <testcase name="LiveChat" time="32.13" classname="com.website.testcases.TC_LiveChatinvalid"/>
  <testcase name="Logout" time="52.446" classname="com.website.testcases.TC_Logout"/>
  <testcase name="Logo" time="5.161" classname="com.website.testcases.TC_Logo"/>
  <testcase name="Select" time="100.296" classname="com.website.testcases.TC_ApplyFilter"/>
  <testcase name="Add" time="126.102" classname="com.website.testcases.TC_AddtoCart"/>
  <testcase name="Add" time="143.959" classname="com.website.testcases.TC_Viewcart"/>
  <testcase name="Remove" time="117.551" classname="com.website.testcases.TC_RemoveCart"/>
  <testcase name="Zip" time="87.956" classname="com.website.testcases.TC_ZipCode"/>
  <testcase name="Increase" time="139.213" classname="com.website.testcases.TC_VerifyQuantity"/>
  <testcase name="coupon" time="144.173" classname="com.website.testcases.TC_CouponCode"/>
</testsuite> <!-- Test -->
