<html>
<head>
<title>TestNG:  Test</title>
<link href="../testng.css" rel="stylesheet" type="text/css" />
<link href="../my-testng.css" rel="stylesheet" type="text/css" />

<style type="text/css">
.log { display: none;} 
.stack-trace { display: none;} 
</style>
<script type="text/javascript">
<!--
function flip(e) {
  current = e.style.display;
  if (current == 'block') {
    e.style.display = 'none';
    return 0;
  }
  else {
    e.style.display = 'block';
    return 1;
  }
}

function toggleBox(szDivId, elem, msg1, msg2)
{
  var res = -1;  if (document.getElementById) {
    res = flip(document.getElementById(szDivId));
  }
  else if (document.all) {
    // this is the way old msie versions work
    res = flip(document.all[szDivId]);
  }
  if(elem) {
    if(res == 0) elem.innerHTML = msg1; else elem.innerHTML = msg2;
  }

}

function toggleAllBoxes() {
  if (document.getElementsByTagName) {
    d = document.getElementsByTagName('div');
    for (i = 0; i < d.length; i++) {
      if (d[i].className == 'log') {
        flip(d[i]);
      }
    }
  }
}

// -->
</script>

</head>
<body>
<h2 align='center'>Test</h2><table border='1' align="center">
<tr>
<td>Tests passed/Failed/Skipped:</td><td>17/1/0</td>
</tr><tr>
<td>Started on:</td><td>Wed May 19 11:45:08 IST 2021</td>
</tr>
<tr><td>Total time:</td><td>1970 seconds (1970682 ms)</td>
</tr><tr>
<td>Included groups:</td><td></td>
</tr><tr>
<td>Excluded groups:</td><td></td>
</tr>
</table><p/>
<small><i>(Hover the method name to see the test class name)</i></small><p/>
<table width='100%' border='1' class='invocation-failed'>
<tr><td colspan='4' align='center'><b>FAILED TESTS</b></td></tr>
<tr><td><b>Test method</b></td>
<td width="30%"><b>Exception</b></td>
<td width="10%"><b>Time (seconds)</b></td>
<td><b>Instance</b></td>
</tr>
<tr>
<td title='com.website.testcases.TC_LiveChat.LiveChat()'><b>LiveChat</b><br>Test class: com.website.testcases.TC_LiveChat</td>
<td><div><pre>org.openqa.selenium.NoSuchElementException: no such element: Unable to locate element: {&quot;method&quot;:&quot;xpath&quot;,&quot;selector&quot;:&quot;//*[@id=&quot;txt_4167837&quot;]&quot;}
  (Session info: chrome=90.0.4430.212)
For documentation on this error, please visit: https://www.seleniumhq.org/exceptions/no_such_element.html
Build info: version: &apos;3.141.59&apos;, revision: &apos;e82be7d358&apos;, time: &apos;2018-11-14T08:25:48&apos;
System info: host: &apos;ADMIN&apos;, ip: &apos;192.168.43.75&apos;, os.name: &apos;Windows 8.1&apos;, os.arch: &apos;x86&apos;, os.version: &apos;6.3&apos;, java.version: &apos;1.8.0_291&apos;
Driver info: org.openqa.selenium.chrome.ChromeDriver
Capabilities {acceptInsecureCerts: false, browserName: chrome, browserVersion: 90.0.4430.212, chrome: {chromedriverVersion: 90.0.4430.24 (4c6d850f087da..., userDataDir: C:\Users\welcome\AppData\Lo...}, goog:chromeOptions: {debuggerAddress: localhost:62759}, javascriptEnabled: true, networkConnectionEnabled: false, pageLoadStrategy: normal, platform: WINDOWS, platformName: WINDOWS, proxy: Proxy(), setWindowRect: true, strictFileInteractability: false, timeouts: {implicit: 0, pageLoad: 300000, script: 30000}, unhandledPromptBehavior: dismiss and notify, webauthn:extension:largeBlob: true, webauthn:virtualAuthenticators: true}
Session ID: cb49fdc0ac0bddb6e840b3501049d34b
*** Element info: {Using=xpath, value=//*[@id=&quot;txt_4167837&quot;]}
	at org.openqa.selenium.remote.http.W3CHttpResponseCodec.createException(W3CHttpResponseCodec.java:187)
	at org.openqa.selenium.remote.http.W3CHttpResponseCodec.decode(W3CHttpResponseCodec.java:122)
	at org.openqa.selenium.remote.http.W3CHttpResponseCodec.decode(W3CHttpResponseCodec.java:49)
	at org.openqa.selenium.remote.HttpCommandExecutor.execute(HttpCommandExecutor.java:158)
	at org.openqa.selenium.remote.service.DriverCommandExecutor.execute(DriverCommandExecutor.java:83)
	at org.openqa.selenium.remote.RemoteWebDriver.execute(RemoteWebDriver.java:552)
	at org.openqa.selenium.remote.RemoteWebDriver.findElement(RemoteWebDriver.java:323)
	at org.openqa.selenium.remote.RemoteWebDriver.findElementByXPath(RemoteWebDriver.java:428)
	at org.openqa.selenium.By$ByXPath.findElement(By.java:353)
	at org.openqa.selenium.remote.RemoteWebDriver.findElement(RemoteWebDriver.java:315)
	at org.openqa.selenium.support.pagefactory.DefaultElementLocator.findElement(DefaultElementLocator.java:69)
	at org.openqa.selenium.support.pagefactory.internal.LocatingElementHandler.invoke(LocatingElementHandler.java:38)
	at com.sun.proxy.$Proxy9.sendKeys(Unknown Source)
	at com.website.pages.LiveChatPage.WebElements(LiveChatPage.java:45)
	at com.website.testcases.TC_LiveChat.LiveChat(TC_LiveChat.java:21)
	at java.util.ArrayList.forEach(Unknown Source)
... Removed 31 stack frames</pre></div><a href='#' onClick='toggleBox("stack-trace29845584", this, "Click to show all stack frames", "Click to hide stack frames")'>Click to show all stack frames</a>
<div class='stack-trace' id='stack-trace29845584'><pre>org.openqa.selenium.NoSuchElementException: no such element: Unable to locate element: {&quot;method&quot;:&quot;xpath&quot;,&quot;selector&quot;:&quot;//*[@id=&quot;txt_4167837&quot;]&quot;}
  (Session info: chrome=90.0.4430.212)
For documentation on this error, please visit: https://www.seleniumhq.org/exceptions/no_such_element.html
Build info: version: &apos;3.141.59&apos;, revision: &apos;e82be7d358&apos;, time: &apos;2018-11-14T08:25:48&apos;
System info: host: &apos;ADMIN&apos;, ip: &apos;192.168.43.75&apos;, os.name: &apos;Windows 8.1&apos;, os.arch: &apos;x86&apos;, os.version: &apos;6.3&apos;, java.version: &apos;1.8.0_291&apos;
Driver info: org.openqa.selenium.chrome.ChromeDriver
Capabilities {acceptInsecureCerts: false, browserName: chrome, browserVersion: 90.0.4430.212, chrome: {chromedriverVersion: 90.0.4430.24 (4c6d850f087da..., userDataDir: C:\Users\welcome\AppData\Lo...}, goog:chromeOptions: {debuggerAddress: localhost:62759}, javascriptEnabled: true, networkConnectionEnabled: false, pageLoadStrategy: normal, platform: WINDOWS, platformName: WINDOWS, proxy: Proxy(), setWindowRect: true, strictFileInteractability: false, timeouts: {implicit: 0, pageLoad: 300000, script: 30000}, unhandledPromptBehavior: dismiss and notify, webauthn:extension:largeBlob: true, webauthn:virtualAuthenticators: true}
Session ID: cb49fdc0ac0bddb6e840b3501049d34b
*** Element info: {Using=xpath, value=//*[@id=&quot;txt_4167837&quot;]}
	at sun.reflect.NativeConstructorAccessorImpl.newInstance0(Native Method)
	at sun.reflect.NativeConstructorAccessorImpl.newInstance(Unknown Source)
	at sun.reflect.DelegatingConstructorAccessorImpl.newInstance(Unknown Source)
	at java.lang.reflect.Constructor.newInstance(Unknown Source)
	at org.openqa.selenium.remote.http.W3CHttpResponseCodec.createException(W3CHttpResponseCodec.java:187)
	at org.openqa.selenium.remote.http.W3CHttpResponseCodec.decode(W3CHttpResponseCodec.java:122)
	at org.openqa.selenium.remote.http.W3CHttpResponseCodec.decode(W3CHttpResponseCodec.java:49)
	at org.openqa.selenium.remote.HttpCommandExecutor.execute(HttpCommandExecutor.java:158)
	at org.openqa.selenium.remote.service.DriverCommandExecutor.execute(DriverCommandExecutor.java:83)
	at org.openqa.selenium.remote.RemoteWebDriver.execute(RemoteWebDriver.java:552)
	at org.openqa.selenium.remote.RemoteWebDriver.findElement(RemoteWebDriver.java:323)
	at org.openqa.selenium.remote.RemoteWebDriver.findElementByXPath(RemoteWebDriver.java:428)
	at org.openqa.selenium.By$ByXPath.findElement(By.java:353)
	at org.openqa.selenium.remote.RemoteWebDriver.findElement(RemoteWebDriver.java:315)
	at org.openqa.selenium.support.pagefactory.DefaultElementLocator.findElement(DefaultElementLocator.java:69)
	at org.openqa.selenium.support.pagefactory.internal.LocatingElementHandler.invoke(LocatingElementHandler.java:38)
	at com.sun.proxy.$Proxy9.sendKeys(Unknown Source)
	at com.website.pages.LiveChatPage.WebElements(LiveChatPage.java:45)
	at com.website.testcases.TC_LiveChat.LiveChat(TC_LiveChat.java:21)
	at sun.reflect.NativeMethodAccessorImpl.invoke0(Native Method)
	at sun.reflect.NativeMethodAccessorImpl.invoke(Unknown Source)
	at sun.reflect.DelegatingMethodAccessorImpl.invoke(Unknown Source)
	at java.lang.reflect.Method.invoke(Unknown Source)
	at org.testng.internal.MethodInvocationHelper.invokeMethod(MethodInvocationHelper.java:133)
	at org.testng.internal.TestInvoker.invokeMethod(TestInvoker.java:598)
	at org.testng.internal.TestInvoker.invokeTestMethod(TestInvoker.java:173)
	at org.testng.internal.MethodRunner.runInSequence(MethodRunner.java:46)
	at org.testng.internal.TestInvoker$MethodInvocationAgent.invoke(TestInvoker.java:824)
	at org.testng.internal.TestInvoker.invokeTestMethods(TestInvoker.java:146)
	at org.testng.internal.TestMethodWorker.invokeTestMethods(TestMethodWorker.java:146)
	at org.testng.internal.TestMethodWorker.run(TestMethodWorker.java:128)
	at java.util.ArrayList.forEach(Unknown Source)
	at org.testng.TestRunner.privateRun(TestRunner.java:794)
	at org.testng.TestRunner.run(TestRunner.java:596)
	at org.testng.SuiteRunner.runTest(SuiteRunner.java:377)
	at org.testng.SuiteRunner.runSequentially(SuiteRunner.java:371)
	at org.testng.SuiteRunner.privateRun(SuiteRunner.java:332)
	at org.testng.SuiteRunner.run(SuiteRunner.java:276)
	at org.testng.SuiteRunnerWorker.runSuite(SuiteRunnerWorker.java:53)
	at org.testng.SuiteRunnerWorker.run(SuiteRunnerWorker.java:96)
	at org.testng.TestNG.runSuitesSequentially(TestNG.java:1212)
	at org.testng.TestNG.runSuitesLocally(TestNG.java:1134)
	at org.testng.TestNG.runSuites(TestNG.java:1063)
	at org.testng.TestNG.run(TestNG.java:1031)
	at org.testng.remote.AbstractRemoteTestNG.run(AbstractRemoteTestNG.java:115)
	at org.testng.remote.RemoteTestNG.initAndRun(RemoteTestNG.java:251)
	at org.testng.remote.RemoteTestNG.main(RemoteTestNG.java:77)
</pre></div></td>
<td>64</td>
<td>com.website.testcases.TC_LiveChat@ec4505</td></tr>
</table><p>
<table width='100%' border='1' class='invocation-passed'>
<tr><td colspan='4' align='center'><b>PASSED TESTS</b></td></tr>
<tr><td><b>Test method</b></td>
<td width="30%"><b>Exception</b></td>
<td width="10%"><b>Time (seconds)</b></td>
<td><b>Instance</b></td>
</tr>
<tr>
<td title='com.website.testcases.TC_ScrollUp_Down.scroll()'><b>scroll</b><br>Test class: com.website.testcases.TC_ScrollUp_Down</td>
<td></td>
<td>11</td>
<td>com.website.testcases.TC_ScrollUp_Down@a7bc6e</td></tr>
<tr>
<td title='com.website.testcases.TC_AddtoCart.Add()'><b>Add</b><br>Test class: com.website.testcases.TC_AddtoCart</td>
<td></td>
<td>126</td>
<td>com.website.testcases.TC_AddtoCart@1168fa9</td></tr>
<tr>
<td title='com.website.testcases.TC_LiveChatinvalid.LiveChat()'><b>LiveChat</b><br>Test class: com.website.testcases.TC_LiveChatinvalid</td>
<td></td>
<td>32</td>
<td>com.website.testcases.TC_LiveChatinvalid@1ca01a2</td></tr>
<tr>
<td title='com.website.testcases.TC_Viewcart.Add()'><b>Add</b><br>Test class: com.website.testcases.TC_Viewcart</td>
<td></td>
<td>143</td>
<td>com.website.testcases.TC_Viewcart@84f40f</td></tr>
<tr>
<td title='com.website.testcases.TC_ApplyFilter.Select()'><b>Select</b><br>Test class: com.website.testcases.TC_ApplyFilter</td>
<td></td>
<td>100</td>
<td>com.website.testcases.TC_ApplyFilter@524010</td></tr>
<tr>
<td title='com.website.testcases.TC_create.create()'><b>create</b><br>Test class: com.website.testcases.TC_create</td>
<td></td>
<td>10</td>
<td>com.website.testcases.TC_create@162806e</td></tr>
<tr>
<td title='com.website.testcases.TC_Logo.Logo()'><b>Logo</b><br>Test class: com.website.testcases.TC_Logo</td>
<td></td>
<td>5</td>
<td>com.website.testcases.TC_Logo@e0fea4</td></tr>
<tr>
<td title='com.website.testcases.TC_RemoveCart.Remove()'><b>Remove</b><br>Test class: com.website.testcases.TC_RemoveCart</td>
<td></td>
<td>117</td>
<td>com.website.testcases.TC_RemoveCart@1282c25</td></tr>
<tr>
<td title='com.website.testcases.TC_CouponCode.coupon()'><b>coupon</b><br>Test class: com.website.testcases.TC_CouponCode</td>
<td></td>
<td>144</td>
<td>com.website.testcases.TC_CouponCode@12da18f</td></tr>
<tr>
<td title='com.website.testcases.TC_Signin_YLighting.SigninTest()'><b>SigninTest</b><br>Test class: com.website.testcases.TC_Signin_YLighting</td>
<td></td>
<td>16</td>
<td>com.website.testcases.TC_Signin_YLighting@11a7f8f</td></tr>
<tr>
<td title='com.website.testcases.TC_VerifyHome.Home()'><b>Home</b><br>Test class: com.website.testcases.TC_VerifyHome</td>
<td></td>
<td>156</td>
<td>com.website.testcases.TC_VerifyHome@1c1bced</td></tr>
<tr>
<td title='com.website.testcases.TC_VerifyQuantity.Increase()'><b>Increase</b><br>Test class: com.website.testcases.TC_VerifyQuantity</td>
<td></td>
<td>139</td>
<td>com.website.testcases.TC_VerifyQuantity@b419da</td></tr>
<tr>
<td title='com.website.testcases.TC_VerfiyTitle.Title()'><b>Title</b><br>Test class: com.website.testcases.TC_VerfiyTitle</td>
<td></td>
<td>16</td>
<td>com.website.testcases.TC_VerfiyTitle@34c28c</td></tr>
<tr>
<td title='com.website.testcases.TC_search_product.Test_Search_product()'><b>Test_Search_product</b><br>Test class: com.website.testcases.TC_search_product</td>
<td></td>
<td>11</td>
<td>com.website.testcases.TC_search_product@1b062a</td></tr>
<tr>
<td title='com.website.testcases.TC_CeilingLights.Select()'><b>Select</b><br>Test class: com.website.testcases.TC_CeilingLights</td>
<td></td>
<td>52</td>
<td>com.website.testcases.TC_CeilingLights@19d4f9d</td></tr>
<tr>
<td title='com.website.testcases.TC_Logout.Logout()'><b>Logout</b><br>Test class: com.website.testcases.TC_Logout</td>
<td></td>
<td>52</td>
<td>com.website.testcases.TC_Logout@18c99f5</td></tr>
<tr>
<td title='com.website.testcases.TC_ZipCode.Zip()'><b>Zip</b><br>Test class: com.website.testcases.TC_ZipCode</td>
<td></td>
<td>87</td>
<td>com.website.testcases.TC_ZipCode@120ba90</td></tr>
</table><p>
</body>
</html>