<?xml version="1.0" encoding="UTF-8"?>
<!-- Generated by org.testng.reporters.JUnitXMLReporter -->
<testsuite ignored="12" hostname="LAPTOP-HKP3MAF8" failures="3" tests="6" name="Test" time="56.564" errors="0" timestamp="07 Jun 2021 10:07:44 GMT">
  <testcase classname="qaf.example.tests.CreateAccountTest" name="createAccountTest" time="11.416"/>
  <testcase classname="qaf.example.tests.CreateAccountFailTest" name="createAccountFailTest" time="3.244">
    <failure type="java.lang.ClassCastException" message="class java.lang.Long cannot be cast to class java.lang.String (java.lang.Long and java.lang.String are in module java.base of loader &amp;apos;bootstrap&amp;apos;)">
      <![CDATA[java.lang.ClassCastException: class java.lang.Long cannot be cast to class java.lang.String (java.lang.Long and java.lang.String are in module java.base of loader 'bootstrap')
	at qaf.example.tests.CreateAccountFailTest.createAccountFailTest(CreateAccountFailTest.java:28)
... Removed 25 stack frames]]>
    </failure>
  </testcase> <!-- createAccountFailTest -->
  <testcase classname="qaf.example.tests.LoginTest" name="LoginFunctionalityTest" time="7.82"/>
  <testcase classname="qaf.example.tests.EditAccountTest" name="editAccountTest" time="11.897">
    <failure type="org.openqa.selenium.TimeoutException" message="Timed out after 10 seconds waiting for presence of element located by: By.xpath: //a[@href=&amp;apos;https://demo.opencart.com/index.php?route=account/login&amp;apos;]
Build info: version: &amp;apos;3.0.0&amp;apos;, revision: &amp;apos;350cf60&amp;apos;, time: &amp;apos;2016-10-13 10:48:57 -0700&amp;apos;
System info: host: &amp;apos;LAPTOP-HKP3MAF8&amp;apos;, ip: &amp;apos;192.168.43.169&amp;apos;, os.name: &amp;apos;Windows 10&amp;apos;, os.arch: &amp;apos;amd64&amp;apos;, os.version: &amp;apos;10.0&amp;apos;, java.version: &amp;apos;15.0.1&amp;apos;
Driver info: driver.version: QAFExtendedWebDriver">
      <![CDATA[org.openqa.selenium.TimeoutException: Timed out after 10 seconds waiting for presence of element located by: By.xpath: //a[@href='https://demo.opencart.com/index.php?route=account/login']
Build info: version: '3.0.0', revision: '350cf60', time: '2016-10-13 10:48:57 -0700'
System info: host: 'LAPTOP-HKP3MAF8', ip: '192.168.43.169', os.name: 'Windows 10', os.arch: 'amd64', os.version: '10.0', java.version: '15.0.1'
Driver info: driver.version: QAFExtendedWebDriver
	at com.qmetry.qaf.automation.ui.util.DynamicWait.until(DynamicWait.java:168)
	at com.qmetry.qaf.automation.ui.webdriver.QAFExtendedWebDriver.load(QAFExtendedWebDriver.java:213)
	at com.qmetry.qaf.automation.ui.webdriver.QAFExtendedWebElement.load(QAFExtendedWebElement.java:302)
	at com.qmetry.qaf.automation.ui.webdriver.QAFExtendedWebElement.execute(QAFExtendedWebElement.java:249)
	at org.openqa.selenium.remote.RemoteWebElement.click(RemoteWebElement.java:84)
	at com.qmetry.qaf.automation.step.CommonStep.click_aroundBody38(CommonStep.java:452)
	at com.qmetry.qaf.automation.step.CommonStep$AjcClosure39.run(CommonStep.java:1)
	at com.qmetry.qaf.automation.step.JavaStepReporter$MockJavaStep.doExecute(JavaStepReporter.java:130)
	at com.qmetry.qaf.automation.step.BaseTestStep.execute(BaseTestStep.java:149)
	at com.qmetry.qaf.automation.step.JavaStepReporter.javaTestStep(JavaStepReporter.java:80)
	at com.qmetry.qaf.automation.step.CommonStep.click(CommonStep.java:451)
	at qaf.example.tests.EditAccountTest.editAccountTest(EditAccountTest.java:27)
Caused by: org.openqa.selenium.NoSuchElementException: no such element: Unable to locate element: {"method":"xpath","selector":"//a[@href='https://demo.opencart.com/index.php?route=account/login']"}
  (Session info: chrome=91.0.4472.77)
  (Driver info: chromedriver=91.0.4472.19 (1bf021f248676a0b2ab3ee0561d83a59e424c23e-refs/branch-heads/4472@{#288}),platform=Windows NT 10.0.19042 x86_64) (WARNING: The server did not provide any stacktrace information)
Command duration or timeout: 22 milliseconds
For documentation on this error, please visit: http://seleniumhq.org/exceptions/no_such_element.html
Build info: version: '3.0.0', revision: '350cf60', time: '2016-10-13 10:48:57 -0700'
System info: host: 'LAPTOP-HKP3MAF8', ip: '192.168.43.169', os.name: 'Windows 10', os.arch: 'amd64', os.version: '10.0', java.version: '15.0.1'
Driver info: com.qmetry.qaf.automation.ui.webdriver.QAFExtendedWebDriver
Capabilities [{mobileEmulationEnabled=false, timeouts={implicit=0, pageLoad=300000, script=30000}, hasTouchScreen=false, platform=XP, acceptSslCerts=false, goog:chromeOptions={debuggerAddress=localhost:58753}, acceptInsecureCerts=false, webStorageEnabled=true, browserName=chrome, takesScreenshot=true, javascriptEnabled=true, setWindowRect=true, webauthn:extension:largeBlob=true, unexpectedAlertBehaviour=ignore, applicationCacheEnabled=false, rotatable=false, networkConnectionEnabled=false, chrome={chromedriverVersion=91.0.4472.19 (1bf021f248676a0b2ab3ee0561d83a59e424c23e-refs/branch-heads/4472@{#288}), userDataDir=C:\Users\VISHWA~1\AppData\Local\Temp\scoped_dir5436_1774918562}, takesHeapSnapshot=true, pageLoadStrategy=normal, strictFileInteractability=false, databaseEnabled=false, handlesAlerts=true, version=91.0.4472.77, browserConnectionEnabled=false, proxy={}, nativeEvents=true, locationContextEnabled=true, cssSelectorsEnabled=true, webauthn:virtualAuthenticators=true}]
Session ID: 7e22137c96fa3fd9468c9cd2586267f5
*** Element info: {Using=xpath, value=//a[@href='https://demo.opencart.com/index.php?route=account/login']}
	at org.openqa.selenium.remote.ErrorHandler.createThrowable(ErrorHandler.java:216)
	at org.openqa.selenium.remote.ErrorHandler.throwIfResponseFailed(ErrorHandler.java:168)
	at org.openqa.selenium.remote.RemoteWebDriver.execute(RemoteWebDriver.java:635)
	at com.qmetry.qaf.automation.ui.webdriver.QAFExtendedWebDriver.execute(QAFExtendedWebDriver.java:233)
	at org.openqa.selenium.remote.RemoteWebDriver.findElement(RemoteWebDriver.java:368)
	at org.openqa.selenium.remote.RemoteWebDriver.findElementByXPath(RemoteWebDriver.java:473)
	at com.qmetry.qaf.automation.ui.webdriver.QAFExtendedWebDriver.findElementByXPath(QAFExtendedWebDriver.java:396)
	at com.qmetry.qaf.automation.ui.webdriver.QAFExtendedWebDriver.findElementByXPath(QAFExtendedWebDriver.java:1)
	at org.openqa.selenium.By$ByXPath.findElement(By.java:361)
	at org.openqa.selenium.remote.RemoteWebDriver.findElement(RemoteWebDriver.java:360)
	at com.qmetry.qaf.automation.ui.webdriver.QAFExtendedWebDriver.findElement(QAFExtendedWebDriver.java:169)
	at com.qmetry.qaf.automation.ui.webdriver.QAFExtendedWebDriver.findElement(QAFExtendedWebDriver.java:1)
	at org.openqa.selenium.support.ui.ExpectedConditions.findElement(ExpectedConditions.java:895)
	at org.openqa.selenium.support.ui.ExpectedConditions.access$000(ExpectedConditions.java:41)
	at org.openqa.selenium.support.ui.ExpectedConditions$6.apply(ExpectedConditions.java:181)
	at org.openqa.selenium.support.ui.ExpectedConditions$6.apply(ExpectedConditions.java:178)
	at com.qmetry.qaf.automation.ui.util.DynamicWait.until(DynamicWait.java:147)
	... 37 more
... Removed 31 stack frames]]>
    </failure>
  </testcase> <!-- editAccountTest -->
  <testcase classname="qaf.example.tests.UploadFileTest" name="uploadFileTest" time="8.153"/>
  <testcase classname="qaf.example.tests.IphoneSearchTest" name="LoginFunctionalityTest" time="11.836">
    <failure type="org.openqa.selenium.TimeoutException" message="Timed out after 10 seconds waiting for presence of element located by: By.xpath: //a[@href=&amp;apos;https://demo.opencart.com/index.php?route=account/login&amp;apos;]
Build info: version: &amp;apos;3.0.0&amp;apos;, revision: &amp;apos;350cf60&amp;apos;, time: &amp;apos;2016-10-13 10:48:57 -0700&amp;apos;
System info: host: &amp;apos;LAPTOP-HKP3MAF8&amp;apos;, ip: &amp;apos;192.168.43.169&amp;apos;, os.name: &amp;apos;Windows 10&amp;apos;, os.arch: &amp;apos;amd64&amp;apos;, os.version: &amp;apos;10.0&amp;apos;, java.version: &amp;apos;15.0.1&amp;apos;
Driver info: driver.version: QAFExtendedWebDriver">
      <![CDATA[org.openqa.selenium.TimeoutException: Timed out after 10 seconds waiting for presence of element located by: By.xpath: //a[@href='https://demo.opencart.com/index.php?route=account/login']
Build info: version: '3.0.0', revision: '350cf60', time: '2016-10-13 10:48:57 -0700'
System info: host: 'LAPTOP-HKP3MAF8', ip: '192.168.43.169', os.name: 'Windows 10', os.arch: 'amd64', os.version: '10.0', java.version: '15.0.1'
Driver info: driver.version: QAFExtendedWebDriver
	at com.qmetry.qaf.automation.ui.util.DynamicWait.until(DynamicWait.java:168)
	at com.qmetry.qaf.automation.ui.webdriver.QAFExtendedWebDriver.load(QAFExtendedWebDriver.java:213)
	at com.qmetry.qaf.automation.ui.webdriver.QAFExtendedWebElement.load(QAFExtendedWebElement.java:302)
	at com.qmetry.qaf.automation.ui.webdriver.QAFExtendedWebElement.execute(QAFExtendedWebElement.java:249)
	at org.openqa.selenium.remote.RemoteWebElement.click(RemoteWebElement.java:84)
	at com.qmetry.qaf.automation.step.CommonStep.click_aroundBody38(CommonStep.java:452)
	at com.qmetry.qaf.automation.step.CommonStep$AjcClosure39.run(CommonStep.java:1)
	at com.qmetry.qaf.automation.step.JavaStepReporter$MockJavaStep.doExecute(JavaStepReporter.java:130)
	at com.qmetry.qaf.automation.step.BaseTestStep.execute(BaseTestStep.java:149)
	at com.qmetry.qaf.automation.step.JavaStepReporter.javaTestStep(JavaStepReporter.java:80)
	at com.qmetry.qaf.automation.step.CommonStep.click(CommonStep.java:451)
	at qaf.example.tests.IphoneSearchTest.LoginFunctionalityTest(IphoneSearchTest.java:25)
Caused by: org.openqa.selenium.NoSuchElementException: no such element: Unable to locate element: {"method":"xpath","selector":"//a[@href='https://demo.opencart.com/index.php?route=account/login']"}
  (Session info: chrome=91.0.4472.77)
  (Driver info: chromedriver=91.0.4472.19 (1bf021f248676a0b2ab3ee0561d83a59e424c23e-refs/branch-heads/4472@{#288}),platform=Windows NT 10.0.19042 x86_64) (WARNING: The server did not provide any stacktrace information)
Command duration or timeout: 25 milliseconds
For documentation on this error, please visit: http://seleniumhq.org/exceptions/no_such_element.html
Build info: version: '3.0.0', revision: '350cf60', time: '2016-10-13 10:48:57 -0700'
System info: host: 'LAPTOP-HKP3MAF8', ip: '192.168.43.169', os.name: 'Windows 10', os.arch: 'amd64', os.version: '10.0', java.version: '15.0.1'
Driver info: com.qmetry.qaf.automation.ui.webdriver.QAFExtendedWebDriver
Capabilities [{mobileEmulationEnabled=false, timeouts={implicit=0, pageLoad=300000, script=30000}, hasTouchScreen=false, platform=XP, acceptSslCerts=false, goog:chromeOptions={debuggerAddress=localhost:58753}, acceptInsecureCerts=false, webStorageEnabled=true, browserName=chrome, takesScreenshot=true, javascriptEnabled=true, setWindowRect=true, webauthn:extension:largeBlob=true, unexpectedAlertBehaviour=ignore, applicationCacheEnabled=false, rotatable=false, networkConnectionEnabled=false, chrome={chromedriverVersion=91.0.4472.19 (1bf021f248676a0b2ab3ee0561d83a59e424c23e-refs/branch-heads/4472@{#288}), userDataDir=C:\Users\VISHWA~1\AppData\Local\Temp\scoped_dir5436_1774918562}, takesHeapSnapshot=true, pageLoadStrategy=normal, strictFileInteractability=false, databaseEnabled=false, handlesAlerts=true, version=91.0.4472.77, browserConnectionEnabled=false, proxy={}, nativeEvents=true, locationContextEnabled=true, cssSelectorsEnabled=true, webauthn:virtualAuthenticators=true}]
Session ID: 7e22137c96fa3fd9468c9cd2586267f5
*** Element info: {Using=xpath, value=//a[@href='https://demo.opencart.com/index.php?route=account/login']}
	at org.openqa.selenium.remote.ErrorHandler.createThrowable(ErrorHandler.java:216)
	at org.openqa.selenium.remote.ErrorHandler.throwIfResponseFailed(ErrorHandler.java:168)
	at org.openqa.selenium.remote.RemoteWebDriver.execute(RemoteWebDriver.java:635)
	at com.qmetry.qaf.automation.ui.webdriver.QAFExtendedWebDriver.execute(QAFExtendedWebDriver.java:233)
	at org.openqa.selenium.remote.RemoteWebDriver.findElement(RemoteWebDriver.java:368)
	at org.openqa.selenium.remote.RemoteWebDriver.findElementByXPath(RemoteWebDriver.java:473)
	at com.qmetry.qaf.automation.ui.webdriver.QAFExtendedWebDriver.findElementByXPath(QAFExtendedWebDriver.java:396)
	at com.qmetry.qaf.automation.ui.webdriver.QAFExtendedWebDriver.findElementByXPath(QAFExtendedWebDriver.java:1)
	at org.openqa.selenium.By$ByXPath.findElement(By.java:361)
	at org.openqa.selenium.remote.RemoteWebDriver.findElement(RemoteWebDriver.java:360)
	at com.qmetry.qaf.automation.ui.webdriver.QAFExtendedWebDriver.findElement(QAFExtendedWebDriver.java:169)
	at com.qmetry.qaf.automation.ui.webdriver.QAFExtendedWebDriver.findElement(QAFExtendedWebDriver.java:1)
	at org.openqa.selenium.support.ui.ExpectedConditions.findElement(ExpectedConditions.java:895)
	at org.openqa.selenium.support.ui.ExpectedConditions.access$000(ExpectedConditions.java:41)
	at org.openqa.selenium.support.ui.ExpectedConditions$6.apply(ExpectedConditions.java:181)
	at org.openqa.selenium.support.ui.ExpectedConditions$6.apply(ExpectedConditions.java:178)
	at com.qmetry.qaf.automation.ui.util.DynamicWait.until(DynamicWait.java:147)
	... 37 more
... Removed 30 stack frames]]>
    </failure>
  </testcase> <!-- LoginFunctionalityTest -->
  <testcase classname="com.qmetry.qaf.automation.testng.TestNGTestCase" name="@BeforeTest setupTest" time="0.0">
    <ignored/>
  </testcase> <!-- @BeforeTest setupTest -->
  <testcase classname="com.qmetry.qaf.automation.testng.TestNGTestCase" name="@BeforeTest setupTest" time="0.0">
    <ignored/>
  </testcase> <!-- @BeforeTest setupTest -->
  <testcase classname="com.qmetry.qaf.automation.testng.TestNGTestCase" name="@BeforeTest setupTest" time="0.0">
    <ignored/>
  </testcase> <!-- @BeforeTest setupTest -->
  <testcase classname="com.qmetry.qaf.automation.testng.TestNGTestCase" name="@BeforeTest setupTest" time="0.0">
    <ignored/>
  </testcase> <!-- @BeforeTest setupTest -->
  <testcase classname="com.qmetry.qaf.automation.testng.TestNGTestCase" name="@BeforeSuite setupSuit" time="0.0">
    <ignored/>
  </testcase> <!-- @BeforeSuite setupSuit -->
  <testcase classname="com.qmetry.qaf.automation.testng.TestNGTestCase" name="@BeforeSuite setupSuit" time="0.0">
    <ignored/>
  </testcase> <!-- @BeforeSuite setupSuit -->
  <testcase classname="com.qmetry.qaf.automation.testng.TestNGTestCase" name="@BeforeSuite setupSuit" time="0.0">
    <ignored/>
  </testcase> <!-- @BeforeSuite setupSuit -->
  <testcase classname="com.qmetry.qaf.automation.testng.TestNGTestCase" name="@BeforeSuite setupSuit" time="0.0">
    <ignored/>
  </testcase> <!-- @BeforeSuite setupSuit -->
  <testcase classname="com.qmetry.qaf.automation.ui.AbstractTestCase" name="@AfterTest afterTest" time="0.0">
    <ignored/>
  </testcase> <!-- @AfterTest afterTest -->
  <testcase classname="com.qmetry.qaf.automation.ui.AbstractTestCase" name="@AfterTest afterTest" time="0.0">
    <ignored/>
  </testcase> <!-- @AfterTest afterTest -->
  <testcase classname="com.qmetry.qaf.automation.ui.AbstractTestCase" name="@AfterTest afterTest" time="0.0">
    <ignored/>
  </testcase> <!-- @AfterTest afterTest -->
  <testcase classname="com.qmetry.qaf.automation.ui.AbstractTestCase" name="@AfterTest afterTest" time="0.0">
    <ignored/>
  </testcase> <!-- @AfterTest afterTest -->
</testsuite> <!-- Test -->
